This file contains any messages produced by compilers while
running configure, to aid debugging if configure makes a mistake.

It was created by bfd configure 2.27, which was
generated by GNU Autoconf 2.64.  Invocation command line was

  $ /Users/andrewowens/x86/binutils-2.27/bfd/configure --srcdir=../../bfd --cache-file=./config.cache --with-gnu-as --with-gnu-ld --prefix=/Users/andrewowens/.local/binutils --program-transform-name=s&^&i386-unknown-linux-gnu-& --disable-option-checking --build=x86_64-apple-darwin14.5.0 --host=x86_64-apple-darwin14.5.0 --target=i386-unknown-linux-gnu

## --------- ##
## Platform. ##
## --------- ##

hostname = aowens.local
uname -m = x86_64
uname -r = 14.5.0
uname -s = Darwin
uname -v = Darwin Kernel Version 14.5.0: Mon Jan 11 18:48:35 PST 2016; root:xnu-2782.50.2~1/RELEASE_X86_64

/usr/bin/uname -p = i386
/bin/uname -X     = unknown

/bin/arch              = unknown
/usr/bin/arch -k       = unknown
/usr/convex/getsysinfo = unknown
/usr/bin/hostinfo      = Mach kernel version:
	 Darwin Kernel Version 14.5.0: Mon Jan 11 18:48:35 PST 2016; root:xnu-2782.50.2~1/RELEASE_X86_64
Kernel configured for up to 4 processors.
2 processors are physically available.
4 processors are logically available.
Processor type: i486 (Intel 80486)
Processors active: 0 1 2 3
Primary memory available: 8.00 gigabytes
Default processor set: 327 tasks, 1531 threads, 4 processors
Load average: 11.02, Mach factor: 0.32
/bin/machine           = unknown
/usr/bin/oslevel       = unknown
/bin/universe          = unknown

PATH: /usr/local/bin
PATH: /usr/local/bin
PATH: /usr/bin
PATH: /bin
PATH: /usr/sbin
PATH: /sbin
PATH: /usr/local/MacGPG2/bin
PATH: /Users/andrewowens/bin


## ----------- ##
## Core tests. ##
## ----------- ##

configure:2464: creating cache ./config.cache
configure:2569: checking build system type
configure:2583: result: x86_64-apple-darwin14.5.0
configure:2603: checking host system type
configure:2616: result: x86_64-apple-darwin14.5.0
configure:2636: checking target system type
configure:2649: result: i386-unknown-linux-gnu
configure:2683: checking for x86_64-apple-darwin14.5.0-gcc
configure:2710: result: gcc
configure:2979: checking for C compiler version
configure:2988: gcc --version >&5
Apple LLVM version 7.0.2 (clang-700.1.81)
Target: x86_64-apple-darwin14.5.0
Thread model: posix
Configured with: --prefix=/Library/Developer/CommandLineTools/usr --with-gxx-include-dir=/usr/include/c++/4.2.1
configure:2999: $? = 0
configure:2988: gcc -v >&5
Configured with: --prefix=/Library/Developer/CommandLineTools/usr --with-gxx-include-dir=/usr/include/c++/4.2.1
Apple LLVM version 7.0.2 (clang-700.1.81)
Target: x86_64-apple-darwin14.5.0
Thread model: posix
configure:2999: $? = 0
configure:2988: gcc -V >&5
clang: error: argument to '-V' is missing (expected 1 value)
clang: error: no input files
configure:2999: $? = 1
configure:2988: gcc -qversion >&5
clang: error: unknown argument: '-qversion'
clang: error: no input files
configure:2999: $? = 1
configure:3019: checking for C compiler default output file name
configure:3041: gcc -g -O2   -Wl,-no_pie  conftest.c  >&5
configure:3045: $? = 0
configure:3082: result: a.out
configure:3098: checking whether the C compiler works
configure:3107: ./a.out
configure:3111: $? = 0
configure:3126: result: yes
configure:3133: checking whether we are cross compiling
configure:3135: result: no
configure:3138: checking for suffix of executables
configure:3145: gcc -o conftest -g -O2   -Wl,-no_pie  conftest.c  >&5
configure:3149: $? = 0
configure:3171: result: 
configure:3177: checking for suffix of object files
configure:3199: gcc -c -g -O2  conftest.c >&5
configure:3203: $? = 0
configure:3224: result: o
configure:3228: checking whether we are using the GNU C compiler
configure:3247: gcc -c -g -O2  conftest.c >&5
configure:3247: $? = 0
configure:3256: result: yes
configure:3265: checking whether gcc accepts -g
configure:3285: gcc -c -g  conftest.c >&5
configure:3285: $? = 0
configure:3326: result: yes
configure:3343: checking for gcc option to accept ISO C89
configure:3407: gcc  -c -g -O2  conftest.c >&5
configure:3407: $? = 0
configure:3420: result: none needed
configure:3441: checking for library containing strerror
configure:3472: gcc -o conftest -g -O2   -Wl,-no_pie  conftest.c  >&5
conftest.c:16:6: warning: incompatible redeclaration of library function 'strerror' [-Wincompatible-library-redeclaration]
char strerror ();
     ^
conftest.c:16:6: note: 'strerror' is a builtin with type 'char *(int)'
1 warning generated.
configure:3472: $? = 0
configure:3489: result: none required
configure:3514: checking for a BSD-compatible install
configure:3582: result: /usr/bin/install -c
configure:3593: checking whether build environment is sane
configure:3643: result: yes
configure:3784: checking for a thread-safe mkdir -p
configure:3823: result: ../../bfd/../install-sh -c -d
configure:3836: checking for gawk
configure:3863: result: awk
configure:3874: checking whether /Library/Developer/CommandLineTools/usr/bin/make sets $(MAKE)
configure:3896: result: yes
configure:3926: checking for style of include used by /Library/Developer/CommandLineTools/usr/bin/make
configure:3954: result: GNU
configure:4040: checking dependency style of gcc
configure:4151: result: gcc3
configure:4171: checking for x86_64-apple-darwin14.5.0-ar
configure:4198: result: ar
configure:4263: checking for x86_64-apple-darwin14.5.0-ranlib
configure:4290: result: ranlib
configure:4393: checking for x86_64-apple-darwin14.5.0-gcc
configure:4420: result: gcc
configure:4689: checking for C compiler version
configure:4698: gcc --version >&5
Apple LLVM version 7.0.2 (clang-700.1.81)
Target: x86_64-apple-darwin14.5.0
Thread model: posix
Configured with: --prefix=/Library/Developer/CommandLineTools/usr --with-gxx-include-dir=/usr/include/c++/4.2.1
configure:4709: $? = 0
configure:4698: gcc -v >&5
Configured with: --prefix=/Library/Developer/CommandLineTools/usr --with-gxx-include-dir=/usr/include/c++/4.2.1
Apple LLVM version 7.0.2 (clang-700.1.81)
Target: x86_64-apple-darwin14.5.0
Thread model: posix
configure:4709: $? = 0
configure:4698: gcc -V >&5
clang: error: argument to '-V' is missing (expected 1 value)
clang: error: no input files
configure:4709: $? = 1
configure:4698: gcc -qversion >&5
clang: error: unknown argument: '-qversion'
clang: error: no input files
configure:4709: $? = 1
configure:4713: checking whether we are using the GNU C compiler
configure:4741: result: yes
configure:4750: checking whether gcc accepts -g
configure:4811: result: yes
configure:4828: checking for gcc option to accept ISO C89
configure:4905: result: none needed
configure:4930: checking how to run the C preprocessor
configure:4961: gcc -E  conftest.c
configure:4961: $? = 0
configure:4975: gcc -E  conftest.c
conftest.c:11:10: fatal error: 'ac_nonexistent.h' file not found
#include <ac_nonexistent.h>
         ^
1 error generated.
configure:4975: $? = 1
configure: failed program was:
| /* confdefs.h */
| #define PACKAGE_NAME "bfd"
| #define PACKAGE_TARNAME "bfd"
| #define PACKAGE_VERSION "2.27"
| #define PACKAGE_STRING "bfd 2.27"
| #define PACKAGE_BUGREPORT ""
| #define PACKAGE_URL ""
| #define PACKAGE "bfd"
| #define VERSION "2.27"
| /* end confdefs.h.  */
| #include <ac_nonexistent.h>
configure:5000: result: gcc -E
configure:5020: gcc -E  conftest.c
configure:5020: $? = 0
configure:5034: gcc -E  conftest.c
conftest.c:11:10: fatal error: 'ac_nonexistent.h' file not found
#include <ac_nonexistent.h>
         ^
1 error generated.
configure:5034: $? = 1
configure: failed program was:
| /* confdefs.h */
| #define PACKAGE_NAME "bfd"
| #define PACKAGE_TARNAME "bfd"
| #define PACKAGE_VERSION "2.27"
| #define PACKAGE_STRING "bfd 2.27"
| #define PACKAGE_BUGREPORT ""
| #define PACKAGE_URL ""
| #define PACKAGE "bfd"
| #define VERSION "2.27"
| /* end confdefs.h.  */
| #include <ac_nonexistent.h>
configure:5063: checking for grep that handles long lines and -e
configure:5121: result: /usr/bin/grep
configure:5126: checking for egrep
configure:5188: result: /usr/bin/grep -E
configure:5193: checking for ANSI C header files
configure:5213: gcc -c -g -O2  conftest.c >&5
configure:5213: $? = 0
configure:5286: gcc -o conftest -g -O2   -Wl,-no_pie  conftest.c  >&5
configure:5286: $? = 0
configure:5286: ./conftest
configure:5286: $? = 0
configure:5297: result: yes
configure:5310: checking for sys/types.h
configure:5310: gcc -c -g -O2  conftest.c >&5
configure:5310: $? = 0
configure:5310: result: yes
configure:5310: checking for sys/stat.h
configure:5310: gcc -c -g -O2  conftest.c >&5
configure:5310: $? = 0
configure:5310: result: yes
configure:5310: checking for stdlib.h
configure:5310: gcc -c -g -O2  conftest.c >&5
configure:5310: $? = 0
configure:5310: result: yes
configure:5310: checking for string.h
configure:5310: gcc -c -g -O2  conftest.c >&5
configure:5310: $? = 0
configure:5310: result: yes
configure:5310: checking for memory.h
configure:5310: gcc -c -g -O2  conftest.c >&5
configure:5310: $? = 0
configure:5310: result: yes
configure:5310: checking for strings.h
configure:5310: gcc -c -g -O2  conftest.c >&5
configure:5310: $? = 0
configure:5310: result: yes
configure:5310: checking for inttypes.h
configure:5310: gcc -c -g -O2  conftest.c >&5
configure:5310: $? = 0
configure:5310: result: yes
configure:5310: checking for stdint.h
configure:5310: gcc -c -g -O2  conftest.c >&5
configure:5310: $? = 0
configure:5310: result: yes
configure:5310: checking for unistd.h
configure:5310: gcc -c -g -O2  conftest.c >&5
configure:5310: $? = 0
configure:5310: result: yes
configure:5324: checking minix/config.h usability
configure:5324: gcc -c -g -O2  conftest.c >&5
conftest.c:54:10: fatal error: 'minix/config.h' file not found
#include <minix/config.h>
         ^
1 error generated.
configure:5324: $? = 1
configure: failed program was:
| /* confdefs.h */
| #define PACKAGE_NAME "bfd"
| #define PACKAGE_TARNAME "bfd"
| #define PACKAGE_VERSION "2.27"
| #define PACKAGE_STRING "bfd 2.27"
| #define PACKAGE_BUGREPORT ""
| #define PACKAGE_URL ""
| #define PACKAGE "bfd"
| #define VERSION "2.27"
| #define STDC_HEADERS 1
| #define HAVE_SYS_TYPES_H 1
| #define HAVE_SYS_STAT_H 1
| #define HAVE_STDLIB_H 1
| #define HAVE_STRING_H 1
| #define HAVE_MEMORY_H 1
| #define HAVE_STRINGS_H 1
| #define HAVE_INTTYPES_H 1
| #define HAVE_STDINT_H 1
| #define HAVE_UNISTD_H 1
| /* end confdefs.h.  */
| #include <stdio.h>
| #ifdef HAVE_SYS_TYPES_H
| # include <sys/types.h>
| #endif
| #ifdef HAVE_SYS_STAT_H
| # include <sys/stat.h>
| #endif
| #ifdef STDC_HEADERS
| # include <stdlib.h>
| # include <stddef.h>
| #else
| # ifdef HAVE_STDLIB_H
| #  include <stdlib.h>
| # endif
| #endif
| #ifdef HAVE_STRING_H
| # if !defined STDC_HEADERS && defined HAVE_MEMORY_H
| #  include <memory.h>
| # endif
| # include <string.h>
| #endif
| #ifdef HAVE_STRINGS_H
| # include <strings.h>
| #endif
| #ifdef HAVE_INTTYPES_H
| # include <inttypes.h>
| #endif
| #ifdef HAVE_STDINT_H
| # include <stdint.h>
| #endif
| #ifdef HAVE_UNISTD_H
| # include <unistd.h>
| #endif
| #include <minix/config.h>
configure:5324: result: no
configure:5324: checking minix/config.h presence
configure:5324: gcc -E  conftest.c
conftest.c:21:10: fatal error: 'minix/config.h' file not found
#include <minix/config.h>
         ^
1 error generated.
configure:5324: $? = 1
configure: failed program was:
| /* confdefs.h */
| #define PACKAGE_NAME "bfd"
| #define PACKAGE_TARNAME "bfd"
| #define PACKAGE_VERSION "2.27"
| #define PACKAGE_STRING "bfd 2.27"
| #define PACKAGE_BUGREPORT ""
| #define PACKAGE_URL ""
| #define PACKAGE "bfd"
| #define VERSION "2.27"
| #define STDC_HEADERS 1
| #define HAVE_SYS_TYPES_H 1
| #define HAVE_SYS_STAT_H 1
| #define HAVE_STDLIB_H 1
| #define HAVE_STRING_H 1
| #define HAVE_MEMORY_H 1
| #define HAVE_STRINGS_H 1
| #define HAVE_INTTYPES_H 1
| #define HAVE_STDINT_H 1
| #define HAVE_UNISTD_H 1
| /* end confdefs.h.  */
| #include <minix/config.h>
configure:5324: result: no
configure:5324: checking for minix/config.h
configure:5324: result: no
configure:5345: checking whether it is safe to define __EXTENSIONS__
configure:5363: gcc -c -g -O2  conftest.c >&5
configure:5363: $? = 0
configure:5370: result: yes
configure:5433: checking how to print strings
configure:5460: result: printf
configure:5481: checking for a sed that does not truncate output
configure:5545: result: /usr/bin/sed
configure:5563: checking for fgrep
configure:5625: result: /usr/bin/grep -F
configure:5660: checking for ld used by gcc
configure:5727: result: /Library/Developer/CommandLineTools/usr/bin/ld
configure:5734: checking if the linker (/Library/Developer/CommandLineTools/usr/bin/ld) is GNU ld
configure:5749: result: no
configure:5761: checking for BSD- or MS-compatible name lister (nm)
configure:5810: result: nm
configure:5940: checking the name lister (nm) interface
configure:5947: gcc -c -g -O2  conftest.c >&5
configure:5950: nm "conftest.o"
configure:5953: output
00000000000001fc S _some_variable
configure:5960: result: BSD nm
configure:5963: checking whether ln -s works
configure:5967: result: yes
configure:5975: checking the maximum length of command line arguments
configure:6100: result: 196608
configure:6117: checking whether the shell understands some XSI constructs
configure:6127: result: yes
configure:6131: checking whether the shell understands "+="
configure:6137: result: yes
configure:6172: checking for /Library/Developer/CommandLineTools/usr/bin/ld option to reload object files
configure:6179: result: -r
configure:6208: checking for x86_64-apple-darwin14.5.0-objdump
configure:6235: result: objdump
configure:6307: checking how to recognize dependent libraries
configure:6508: result: pass_all
configure:6528: checking for x86_64-apple-darwin14.5.0-ar
configure:6555: result: ar
configure:6633: checking for x86_64-apple-darwin14.5.0-strip
configure:6663: result: no
configure:6673: checking for strip
configure:6689: found /usr/bin/strip
configure:6700: result: strip
configure:6732: checking for x86_64-apple-darwin14.5.0-ranlib
configure:6759: result: ranlib
configure:6901: checking command to parse nm output from gcc object
configure:7019: gcc -c -g -O2  conftest.c >&5
configure:7022: $? = 0
configure:7026: nm conftest.o \| sed -n -e 's/^.*[ ]\([BCDEGRST][BCDEGRST]*\)[ ][ ]*\([_A-Za-z][_A-Za-z0-9]*\)$/\1 \2 \2/p' \> conftest.nm
configure:7029: $? = 0
cannot find nm_test_var in conftest.nm
configure:7019: gcc -c -g -O2  conftest.c >&5
configure:7022: $? = 0
configure:7026: nm conftest.o \| sed -n -e 's/^.*[ ]\([BCDEGRST][BCDEGRST]*\)[ ][ ]*_\([_A-Za-z][_A-Za-z0-9]*\)$/\1 _\2 \2/p' \> conftest.nm
configure:7029: $? = 0
configure:7083: gcc -o conftest -g -O2   -Wl,-no_pie  conftest.c conftstm.o >&5
warning: (x86_64)  could not find object file symbol for symbol _main
configure:7086: $? = 0
configure:7124: result: ok
configure:7361: checking for x86_64-apple-darwin14.5.0-dsymutil
configure:7391: result: no
configure:7401: checking for dsymutil
configure:7417: found /usr/bin/dsymutil
configure:7428: result: dsymutil
configure:7453: checking for x86_64-apple-darwin14.5.0-nmedit
configure:7483: result: no
configure:7493: checking for nmedit
configure:7509: found /usr/bin/nmedit
configure:7520: result: nmedit
configure:7545: checking for x86_64-apple-darwin14.5.0-lipo
configure:7575: result: no
configure:7585: checking for lipo
configure:7601: found /usr/bin/lipo
configure:7612: result: lipo
configure:7637: checking for x86_64-apple-darwin14.5.0-otool
configure:7667: result: no
configure:7677: checking for otool
configure:7693: found /usr/bin/otool
configure:7704: result: otool
configure:7729: checking for x86_64-apple-darwin14.5.0-otool64
configure:7759: result: no
configure:7769: checking for otool64
configure:7799: result: no
configure:7844: checking for -single_module linker flag
gcc -g -O2  -Wl,-no_pie  -o libconftest.dylib -dynamiclib -Wl,-single_module conftest.c
configure:7871: result: yes
configure:7873: checking for -exported_symbols_list linker flag
configure:7893: gcc -o conftest -g -O2   -Wl,-no_pie  -Wl,-exported_symbols_list,conftest.sym conftest.c  >&5
configure:7893: $? = 0
configure:7903: result: yes
configure:7905: checking for -force_load linker flag
gcc -g -O2 -c -o conftest.o conftest.c
ar cru libconftest.a conftest.o
gcc -g -O2  -Wl,-no_pie  -o conftest conftest.c -Wl,-force_load,./libconftest.a
warning: (x86_64)  could not find object file symbol for symbol _forced_loaded
configure:7933: result: no
configure:7972: checking for dlfcn.h
configure:7972: gcc -c -g -O2  conftest.c >&5
configure:7972: $? = 0
configure:7972: result: yes
configure:8128: checking for objdir
configure:8143: result: .libs
configure:8414: checking if gcc supports -fno-rtti -fno-exceptions
configure:8432: gcc -c -g -O2  -fno-rtti -fno-exceptions conftest.c >&5
configure:8436: $? = 0
configure:8449: result: yes
configure:8469: checking for gcc option to produce PIC
configure:8755: result: -fno-common -DPIC
configure:8767: checking if gcc PIC flag -fno-common -DPIC works
configure:8785: gcc -c -g -O2  -fno-common -DPIC -DPIC conftest.c >&5
configure:8789: $? = 0
configure:8802: result: yes
configure:8826: checking if gcc static flag -static works
configure:8854: result: no
configure:8869: checking if gcc supports -c -o file.o
configure:8890: gcc -c -g -O2  -o out/conftest2.o conftest.c >&5
configure:8894: $? = 0
configure:8916: result: yes
configure:8924: checking if gcc supports -c -o file.o
configure:8971: result: yes
configure:9004: checking whether the gcc linker (/Library/Developer/CommandLineTools/usr/bin/ld) supports shared libraries
configure:10075: result: yes
configure:10320: checking dynamic linker characteristics
configure:10993: result: darwin14.5.0 dyld
configure:11100: checking how to hardcode library paths into programs
configure:11125: result: immediate
configure:11170: checking for dlopen in -ldl
configure:11195: gcc -o conftest -g -O2   -Wl,-no_pie  conftest.c -ldl   >&5
configure:11195: $? = 0
configure:11204: result: yes
configure:11419: checking whether a program can dlopen itself
configure:11499: gcc -o conftest -g -O2  -DHAVE_DLFCN_H  -Wl,-no_pie   conftest.c -ldl  >&5
configure:11502: $? = 0
configure:11520: result: yes
configure:11525: checking whether a statically linked program can dlopen itself
configure:11605: gcc -o conftest -g -O2  -DHAVE_DLFCN_H  -Wl,-no_pie    conftest.c -ldl  >&5
configure:11608: $? = 0
configure:11626: result: yes
configure:11665: checking whether stripping libraries is possible
configure:11679: result: yes
configure:11705: checking if libtool supports shared libraries
configure:11707: result: yes
configure:11710: checking whether to build shared libraries
configure:11731: result: no
configure:11734: checking whether to build static libraries
configure:11738: result: yes
configure:11788: checking for dlfcn.h
configure:11788: result: yes
configure:11801: checking for windows.h
configure:11801: gcc -c -g -O2  conftest.c >&5
conftest.c:63:10: fatal error: 'windows.h' file not found
#include <windows.h>
         ^
1 error generated.
configure:11801: $? = 1
configure: failed program was:
| /* confdefs.h */
| #define PACKAGE_NAME "bfd"
| #define PACKAGE_TARNAME "bfd"
| #define PACKAGE_VERSION "2.27"
| #define PACKAGE_STRING "bfd 2.27"
| #define PACKAGE_BUGREPORT ""
| #define PACKAGE_URL ""
| #define PACKAGE "bfd"
| #define VERSION "2.27"
| #define STDC_HEADERS 1
| #define HAVE_SYS_TYPES_H 1
| #define HAVE_SYS_STAT_H 1
| #define HAVE_STDLIB_H 1
| #define HAVE_STRING_H 1
| #define HAVE_MEMORY_H 1
| #define HAVE_STRINGS_H 1
| #define HAVE_INTTYPES_H 1
| #define HAVE_STDINT_H 1
| #define HAVE_UNISTD_H 1
| #define __EXTENSIONS__ 1
| #define _ALL_SOURCE 1
| #define _GNU_SOURCE 1
| #define _POSIX_PTHREAD_SEMANTICS 1
| #define _TANDEM_SOURCE 1
| #define HAVE_DLFCN_H 1
| #define LT_OBJDIR ".libs/"
| #define HAVE_DLFCN_H 1
| /* end confdefs.h.  */
| #include <stdio.h>
| #ifdef HAVE_SYS_TYPES_H
| # include <sys/types.h>
| #endif
| #ifdef HAVE_SYS_STAT_H
| # include <sys/stat.h>
| #endif
| #ifdef STDC_HEADERS
| # include <stdlib.h>
| # include <stddef.h>
| #else
| # ifdef HAVE_STDLIB_H
| #  include <stdlib.h>
| # endif
| #endif
| #ifdef HAVE_STRING_H
| # if !defined STDC_HEADERS && defined HAVE_MEMORY_H
| #  include <memory.h>
| # endif
| # include <string.h>
| #endif
| #ifdef HAVE_STRINGS_H
| # include <strings.h>
| #endif
| #ifdef HAVE_INTTYPES_H
| # include <inttypes.h>
| #endif
| #ifdef HAVE_STDINT_H
| # include <stdint.h>
| #endif
| #ifdef HAVE_UNISTD_H
| # include <unistd.h>
| #endif
| 
| #include <windows.h>
configure:11801: result: no
configure:11828: checking for library containing dlopen
configure:11859: gcc -o conftest -g -O2   -Wl,-no_pie  conftest.c  >&5
configure:11859: $? = 0
configure:11876: result: none required
configure:11907: checking for special C compiler options needed for large files
configure:11952: result: no
configure:11958: checking for _FILE_OFFSET_BITS value needed for large files
configure:11983: gcc -c -g -O2  conftest.c >&5
configure:11983: $? = 0
configure:12015: result: no
configure:12360: checking whether to enable maintainer-specific portions of Makefiles
configure:12369: result: no
configure:12405: checking whether to install libbfd
configure:12418: result: no
configure:12468: checking whether NLS is requested
configure:12474: result: yes
configure:12480: checking for catalogs to be installed
configure:12512: result:  da es fi fr id ja ro ru rw sr sv tr uk vi zh_CN da es fi fr id ja ro ru rw sr sv tr uk vi zh_CN
configure:12539: checking whether NLS is requested
configure:12548: result: yes
configure:12586: checking for msgfmt
configure:12620: result: no
configure:12626: checking for gmsgfmt
configure:12657: result: :
configure:12697: checking for xgettext
configure:12731: result: no
configure:12768: checking for msgmerge
configure:12801: result: no
configure:12851: checking size of long long
configure:12856: gcc -o conftest -g -O2   -Wl,-no_pie  conftest.c  >&5
configure:12856: $? = 0
configure:12856: ./conftest
configure:12856: $? = 0
configure:12871: result: 8
configure:12885: checking size of void *
configure:12890: gcc -o conftest -g -O2   -Wl,-no_pie  conftest.c  >&5
configure:12890: $? = 0
configure:12890: ./conftest
configure:12890: $? = 0
configure:12905: result: 8
configure:12919: checking size of long
configure:12924: gcc -o conftest -g -O2   -Wl,-no_pie  conftest.c  >&5
configure:12924: $? = 0
configure:12924: ./conftest
configure:12924: $? = 0
configure:12939: result: 8
configure:13021: checking alloca.h usability
configure:13021: gcc -c -g -O2  conftest.c >&5
configure:13021: $? = 0
configure:13021: result: yes
configure:13021: checking alloca.h presence
configure:13021: gcc -E  conftest.c
configure:13021: $? = 0
configure:13021: result: yes
configure:13021: checking for alloca.h
configure:13021: result: yes
configure:13021: checking stddef.h usability
configure:13021: gcc -c -g -O2  conftest.c >&5
configure:13021: $? = 0
configure:13021: result: yes
configure:13021: checking stddef.h presence
configure:13021: gcc -E  conftest.c
configure:13021: $? = 0
configure:13021: result: yes
configure:13021: checking for stddef.h
configure:13021: result: yes
configure:13021: checking for string.h
configure:13021: result: yes
configure:13021: checking for strings.h
configure:13021: result: yes
configure:13021: checking for stdlib.h
configure:13021: result: yes
configure:13021: checking time.h usability
configure:13021: gcc -c -g -O2  conftest.c >&5
configure:13021: $? = 0
configure:13021: result: yes
configure:13021: checking time.h presence
configure:13021: gcc -E  conftest.c
configure:13021: $? = 0
configure:13021: result: yes
configure:13021: checking for time.h
configure:13021: result: yes
configure:13021: checking for unistd.h
configure:13021: result: yes
configure:13021: checking wchar.h usability
configure:13021: gcc -c -g -O2  conftest.c >&5
configure:13021: $? = 0
configure:13021: result: yes
configure:13021: checking wchar.h presence
configure:13021: gcc -E  conftest.c
configure:13021: $? = 0
configure:13021: result: yes
configure:13021: checking for wchar.h
configure:13021: result: yes
configure:13021: checking wctype.h usability
configure:13021: gcc -c -g -O2  conftest.c >&5
configure:13021: $? = 0
configure:13021: result: yes
configure:13021: checking wctype.h presence
configure:13021: gcc -E  conftest.c
configure:13021: $? = 0
configure:13021: result: yes
configure:13021: checking for wctype.h
configure:13021: result: yes
configure:13035: checking fcntl.h usability
configure:13035: gcc -c -g -O2  conftest.c >&5
configure:13035: $? = 0
configure:13035: result: yes
configure:13035: checking fcntl.h presence
configure:13035: gcc -E  conftest.c
configure:13035: $? = 0
configure:13035: result: yes
configure:13035: checking for fcntl.h
configure:13035: result: yes
configure:13035: checking sys/file.h usability
configure:13035: gcc -c -g -O2  conftest.c >&5
configure:13035: $? = 0
configure:13035: result: yes
configure:13035: checking sys/file.h presence
configure:13035: gcc -E  conftest.c
configure:13035: $? = 0
configure:13035: result: yes
configure:13035: checking for sys/file.h
configure:13035: result: yes
configure:13035: checking sys/time.h usability
configure:13035: gcc -c -g -O2  conftest.c >&5
configure:13035: $? = 0
configure:13035: result: yes
configure:13035: checking sys/time.h presence
configure:13035: gcc -E  conftest.c
configure:13035: $? = 0
configure:13035: result: yes
configure:13035: checking for sys/time.h
configure:13035: result: yes
configure:13035: checking for sys/stat.h
configure:13035: result: yes
configure:13035: checking sys/resource.h usability
configure:13035: gcc -c -g -O2  conftest.c >&5
configure:13035: $? = 0
configure:13035: result: yes
configure:13035: checking sys/resource.h presence
configure:13035: gcc -E  conftest.c
configure:13035: $? = 0
configure:13035: result: yes
configure:13035: checking for sys/resource.h
configure:13035: result: yes
configure:13059: checking for uintmax_t
configure:13059: gcc -c -g -O2  conftest.c >&5
configure:13059: $? = 0
configure:13059: gcc -c -g -O2  conftest.c >&5
conftest.c:54:24: error: expected expression
if (sizeof ((uintmax_t)))
                       ^
1 error generated.
configure:13059: $? = 1
configure: failed program was:
| /* confdefs.h */
| #define PACKAGE_NAME "bfd"
| #define PACKAGE_TARNAME "bfd"
| #define PACKAGE_VERSION "2.27"
| #define PACKAGE_STRING "bfd 2.27"
| #define PACKAGE_BUGREPORT ""
| #define PACKAGE_URL ""
| #define PACKAGE "bfd"
| #define VERSION "2.27"
| #define STDC_HEADERS 1
| #define HAVE_SYS_TYPES_H 1
| #define HAVE_SYS_STAT_H 1
| #define HAVE_STDLIB_H 1
| #define HAVE_STRING_H 1
| #define HAVE_MEMORY_H 1
| #define HAVE_STRINGS_H 1
| #define HAVE_INTTYPES_H 1
| #define HAVE_STDINT_H 1
| #define HAVE_UNISTD_H 1
| #define __EXTENSIONS__ 1
| #define _ALL_SOURCE 1
| #define _GNU_SOURCE 1
| #define _POSIX_PTHREAD_SEMANTICS 1
| #define _TANDEM_SOURCE 1
| #define HAVE_DLFCN_H 1
| #define LT_OBJDIR ".libs/"
| #define HAVE_DLFCN_H 1
| #define USE_SECUREPLT 1
| #define ENABLE_NLS 1
| #define SIZEOF_LONG_LONG 8
| #define SIZEOF_VOID_P 8
| #define SIZEOF_LONG 8
| #define HAVE_ALLOCA_H 1
| #define HAVE_STDDEF_H 1
| #define HAVE_STRING_H 1
| #define HAVE_STRINGS_H 1
| #define HAVE_STDLIB_H 1
| #define HAVE_TIME_H 1
| #define HAVE_UNISTD_H 1
| #define HAVE_WCHAR_H 1
| #define HAVE_WCTYPE_H 1
| #define HAVE_FCNTL_H 1
| #define HAVE_SYS_FILE_H 1
| #define HAVE_SYS_TIME_H 1
| #define HAVE_SYS_STAT_H 1
| #define HAVE_SYS_RESOURCE_H 1
| /* end confdefs.h.  */
| #include <sys/types.h>
| #include <stdint.h>
| 
| int
| main ()
| {
| if (sizeof ((uintmax_t)))
| 	    return 0;
|   ;
|   return 0;
| }
configure:13059: result: yes
configure:13068: checking for uintptr_t
configure:13068: gcc -c -g -O2  conftest.c >&5
configure:13068: $? = 0
configure:13068: gcc -c -g -O2  conftest.c >&5
conftest.c:54:24: error: expected expression
if (sizeof ((uintptr_t)))
                       ^
1 error generated.
configure:13068: $? = 1
configure: failed program was:
| /* confdefs.h */
| #define PACKAGE_NAME "bfd"
| #define PACKAGE_TARNAME "bfd"
| #define PACKAGE_VERSION "2.27"
| #define PACKAGE_STRING "bfd 2.27"
| #define PACKAGE_BUGREPORT ""
| #define PACKAGE_URL ""
| #define PACKAGE "bfd"
| #define VERSION "2.27"
| #define STDC_HEADERS 1
| #define HAVE_SYS_TYPES_H 1
| #define HAVE_SYS_STAT_H 1
| #define HAVE_STDLIB_H 1
| #define HAVE_STRING_H 1
| #define HAVE_MEMORY_H 1
| #define HAVE_STRINGS_H 1
| #define HAVE_INTTYPES_H 1
| #define HAVE_STDINT_H 1
| #define HAVE_UNISTD_H 1
| #define __EXTENSIONS__ 1
| #define _ALL_SOURCE 1
| #define _GNU_SOURCE 1
| #define _POSIX_PTHREAD_SEMANTICS 1
| #define _TANDEM_SOURCE 1
| #define HAVE_DLFCN_H 1
| #define LT_OBJDIR ".libs/"
| #define HAVE_DLFCN_H 1
| #define USE_SECUREPLT 1
| #define ENABLE_NLS 1
| #define SIZEOF_LONG_LONG 8
| #define SIZEOF_VOID_P 8
| #define SIZEOF_LONG 8
| #define HAVE_ALLOCA_H 1
| #define HAVE_STDDEF_H 1
| #define HAVE_STRING_H 1
| #define HAVE_STRINGS_H 1
| #define HAVE_STDLIB_H 1
| #define HAVE_TIME_H 1
| #define HAVE_UNISTD_H 1
| #define HAVE_WCHAR_H 1
| #define HAVE_WCTYPE_H 1
| #define HAVE_FCNTL_H 1
| #define HAVE_SYS_FILE_H 1
| #define HAVE_SYS_TIME_H 1
| #define HAVE_SYS_STAT_H 1
| #define HAVE_SYS_RESOURCE_H 1
| /* end confdefs.h.  */
| #include <sys/types.h>
| #include <stdint.h>
| 
| int
| main ()
| {
| if (sizeof ((uintptr_t)))
| 	    return 0;
|   ;
|   return 0;
| }
configure:13068: result: yes
configure:13077: checking for int_least32_t
configure:13077: gcc -c -g -O2  conftest.c >&5
configure:13077: $? = 0
configure:13077: gcc -c -g -O2  conftest.c >&5
conftest.c:54:28: error: expected expression
if (sizeof ((int_least32_t)))
                           ^
1 error generated.
configure:13077: $? = 1
configure: failed program was:
| /* confdefs.h */
| #define PACKAGE_NAME "bfd"
| #define PACKAGE_TARNAME "bfd"
| #define PACKAGE_VERSION "2.27"
| #define PACKAGE_STRING "bfd 2.27"
| #define PACKAGE_BUGREPORT ""
| #define PACKAGE_URL ""
| #define PACKAGE "bfd"
| #define VERSION "2.27"
| #define STDC_HEADERS 1
| #define HAVE_SYS_TYPES_H 1
| #define HAVE_SYS_STAT_H 1
| #define HAVE_STDLIB_H 1
| #define HAVE_STRING_H 1
| #define HAVE_MEMORY_H 1
| #define HAVE_STRINGS_H 1
| #define HAVE_INTTYPES_H 1
| #define HAVE_STDINT_H 1
| #define HAVE_UNISTD_H 1
| #define __EXTENSIONS__ 1
| #define _ALL_SOURCE 1
| #define _GNU_SOURCE 1
| #define _POSIX_PTHREAD_SEMANTICS 1
| #define _TANDEM_SOURCE 1
| #define HAVE_DLFCN_H 1
| #define LT_OBJDIR ".libs/"
| #define HAVE_DLFCN_H 1
| #define USE_SECUREPLT 1
| #define ENABLE_NLS 1
| #define SIZEOF_LONG_LONG 8
| #define SIZEOF_VOID_P 8
| #define SIZEOF_LONG 8
| #define HAVE_ALLOCA_H 1
| #define HAVE_STDDEF_H 1
| #define HAVE_STRING_H 1
| #define HAVE_STRINGS_H 1
| #define HAVE_STDLIB_H 1
| #define HAVE_TIME_H 1
| #define HAVE_UNISTD_H 1
| #define HAVE_WCHAR_H 1
| #define HAVE_WCTYPE_H 1
| #define HAVE_FCNTL_H 1
| #define HAVE_SYS_FILE_H 1
| #define HAVE_SYS_TIME_H 1
| #define HAVE_SYS_STAT_H 1
| #define HAVE_SYS_RESOURCE_H 1
| /* end confdefs.h.  */
| #include <sys/types.h>
| #include <stdint.h>
| 
| int
| main ()
| {
| if (sizeof ((int_least32_t)))
| 	    return 0;
|   ;
|   return 0;
| }
configure:13077: result: yes
configure:13086: checking for int_fast32_t
configure:13086: gcc -c -g -O2  conftest.c >&5
configure:13086: $? = 0
configure:13086: gcc -c -g -O2  conftest.c >&5
conftest.c:54:27: error: expected expression
if (sizeof ((int_fast32_t)))
                          ^
1 error generated.
configure:13086: $? = 1
configure: failed program was:
| /* confdefs.h */
| #define PACKAGE_NAME "bfd"
| #define PACKAGE_TARNAME "bfd"
| #define PACKAGE_VERSION "2.27"
| #define PACKAGE_STRING "bfd 2.27"
| #define PACKAGE_BUGREPORT ""
| #define PACKAGE_URL ""
| #define PACKAGE "bfd"
| #define VERSION "2.27"
| #define STDC_HEADERS 1
| #define HAVE_SYS_TYPES_H 1
| #define HAVE_SYS_STAT_H 1
| #define HAVE_STDLIB_H 1
| #define HAVE_STRING_H 1
| #define HAVE_MEMORY_H 1
| #define HAVE_STRINGS_H 1
| #define HAVE_INTTYPES_H 1
| #define HAVE_STDINT_H 1
| #define HAVE_UNISTD_H 1
| #define __EXTENSIONS__ 1
| #define _ALL_SOURCE 1
| #define _GNU_SOURCE 1
| #define _POSIX_PTHREAD_SEMANTICS 1
| #define _TANDEM_SOURCE 1
| #define HAVE_DLFCN_H 1
| #define LT_OBJDIR ".libs/"
| #define HAVE_DLFCN_H 1
| #define USE_SECUREPLT 1
| #define ENABLE_NLS 1
| #define SIZEOF_LONG_LONG 8
| #define SIZEOF_VOID_P 8
| #define SIZEOF_LONG 8
| #define HAVE_ALLOCA_H 1
| #define HAVE_STDDEF_H 1
| #define HAVE_STRING_H 1
| #define HAVE_STRINGS_H 1
| #define HAVE_STDLIB_H 1
| #define HAVE_TIME_H 1
| #define HAVE_UNISTD_H 1
| #define HAVE_WCHAR_H 1
| #define HAVE_WCTYPE_H 1
| #define HAVE_FCNTL_H 1
| #define HAVE_SYS_FILE_H 1
| #define HAVE_SYS_TIME_H 1
| #define HAVE_SYS_STAT_H 1
| #define HAVE_SYS_RESOURCE_H 1
| /* end confdefs.h.  */
| #include <sys/types.h>
| #include <stdint.h>
| 
| int
| main ()
| {
| if (sizeof ((int_fast32_t)))
| 	    return 0;
|   ;
|   return 0;
| }
configure:13086: result: yes
configure:13095: checking for uint64_t
configure:13095: gcc -c -g -O2  conftest.c >&5
configure:13095: $? = 0
configure:13095: gcc -c -g -O2  conftest.c >&5
conftest.c:54:23: error: expected expression
if (sizeof ((uint64_t)))
                      ^
1 error generated.
configure:13095: $? = 1
configure: failed program was:
| /* confdefs.h */
| #define PACKAGE_NAME "bfd"
| #define PACKAGE_TARNAME "bfd"
| #define PACKAGE_VERSION "2.27"
| #define PACKAGE_STRING "bfd 2.27"
| #define PACKAGE_BUGREPORT ""
| #define PACKAGE_URL ""
| #define PACKAGE "bfd"
| #define VERSION "2.27"
| #define STDC_HEADERS 1
| #define HAVE_SYS_TYPES_H 1
| #define HAVE_SYS_STAT_H 1
| #define HAVE_STDLIB_H 1
| #define HAVE_STRING_H 1
| #define HAVE_MEMORY_H 1
| #define HAVE_STRINGS_H 1
| #define HAVE_INTTYPES_H 1
| #define HAVE_STDINT_H 1
| #define HAVE_UNISTD_H 1
| #define __EXTENSIONS__ 1
| #define _ALL_SOURCE 1
| #define _GNU_SOURCE 1
| #define _POSIX_PTHREAD_SEMANTICS 1
| #define _TANDEM_SOURCE 1
| #define HAVE_DLFCN_H 1
| #define LT_OBJDIR ".libs/"
| #define HAVE_DLFCN_H 1
| #define USE_SECUREPLT 1
| #define ENABLE_NLS 1
| #define SIZEOF_LONG_LONG 8
| #define SIZEOF_VOID_P 8
| #define SIZEOF_LONG 8
| #define HAVE_ALLOCA_H 1
| #define HAVE_STDDEF_H 1
| #define HAVE_STRING_H 1
| #define HAVE_STRINGS_H 1
| #define HAVE_STDLIB_H 1
| #define HAVE_TIME_H 1
| #define HAVE_UNISTD_H 1
| #define HAVE_WCHAR_H 1
| #define HAVE_WCTYPE_H 1
| #define HAVE_FCNTL_H 1
| #define HAVE_SYS_FILE_H 1
| #define HAVE_SYS_TIME_H 1
| #define HAVE_SYS_STAT_H 1
| #define HAVE_SYS_RESOURCE_H 1
| /* end confdefs.h.  */
| #include <sys/types.h>
| #include <stdint.h>
| 
| int
| main ()
| {
| if (sizeof ((uint64_t)))
| 	    return 0;
|   ;
|   return 0;
| }
configure:13095: result: yes
configure:13176: checking what to include in bfd_stdint.h
configure:13204: result: stdint.h (already complete)
configure:13452: checking whether time.h and sys/time.h may both be included
configure:13472: gcc -c -g -O2  conftest.c >&5
configure:13472: $? = 0
configure:13479: result: yes
configure:13490: checking for dirent.h that defines DIR
configure:13509: gcc -c -g -O2  conftest.c >&5
configure:13509: $? = 0
configure:13517: result: yes
configure:13531: checking for library containing opendir
configure:13562: gcc -o conftest -g -O2   -Wl,-no_pie  conftest.c  >&5
configure:13562: $? = 0
configure:13579: result: none required
configure:13647: checking whether string.h and strings.h may both be included
configure:13664: gcc -c -g -O2  conftest.c >&5
configure:13664: $? = 0
configure:13671: result: yes
configure:13682: checking for fcntl
configure:13682: gcc -o conftest -g -O2   -Wl,-no_pie  conftest.c  >&5
configure:13682: $? = 0
configure:13682: result: yes
configure:13682: checking for getpagesize
configure:13682: gcc -o conftest -g -O2   -Wl,-no_pie  conftest.c  >&5
configure:13682: $? = 0
configure:13682: result: yes
configure:13682: checking for setitimer
configure:13682: gcc -o conftest -g -O2   -Wl,-no_pie  conftest.c  >&5
configure:13682: $? = 0
configure:13682: result: yes
configure:13682: checking for sysconf
configure:13682: gcc -o conftest -g -O2   -Wl,-no_pie  conftest.c  >&5
configure:13682: $? = 0
configure:13682: result: yes
configure:13682: checking for fdopen
configure:13682: gcc -o conftest -g -O2   -Wl,-no_pie  conftest.c  >&5
configure:13682: $? = 0
configure:13682: result: yes
configure:13682: checking for getuid
configure:13682: gcc -o conftest -g -O2   -Wl,-no_pie  conftest.c  >&5
configure:13682: $? = 0
configure:13682: result: yes
configure:13682: checking for getgid
configure:13682: gcc -o conftest -g -O2   -Wl,-no_pie  conftest.c  >&5
configure:13682: $? = 0
configure:13682: result: yes
configure:13682: checking for fileno
configure:13682: gcc -o conftest -g -O2   -Wl,-no_pie  conftest.c  >&5
configure:13682: $? = 0
configure:13682: result: yes
configure:13695: checking for strtoull
configure:13695: gcc -o conftest -g -O2   -Wl,-no_pie  conftest.c  >&5
configure:13695: $? = 0
configure:13695: result: yes
configure:13695: checking for getrlimit
configure:13695: gcc -o conftest -g -O2   -Wl,-no_pie  conftest.c  >&5
configure:13695: $? = 0
configure:13695: result: yes
configure:13706: checking whether basename is declared
configure:13706: gcc -c -g -O2  conftest.c >&5
conftest.c:101:10: error: use of undeclared identifier 'basename'
  (void) basename;
         ^
1 error generated.
configure:13706: $? = 1
configure: failed program was:
| /* confdefs.h */
| #define PACKAGE_NAME "bfd"
| #define PACKAGE_TARNAME "bfd"
| #define PACKAGE_VERSION "2.27"
| #define PACKAGE_STRING "bfd 2.27"
| #define PACKAGE_BUGREPORT ""
| #define PACKAGE_URL ""
| #define PACKAGE "bfd"
| #define VERSION "2.27"
| #define STDC_HEADERS 1
| #define HAVE_SYS_TYPES_H 1
| #define HAVE_SYS_STAT_H 1
| #define HAVE_STDLIB_H 1
| #define HAVE_STRING_H 1
| #define HAVE_MEMORY_H 1
| #define HAVE_STRINGS_H 1
| #define HAVE_INTTYPES_H 1
| #define HAVE_STDINT_H 1
| #define HAVE_UNISTD_H 1
| #define __EXTENSIONS__ 1
| #define _ALL_SOURCE 1
| #define _GNU_SOURCE 1
| #define _POSIX_PTHREAD_SEMANTICS 1
| #define _TANDEM_SOURCE 1
| #define HAVE_DLFCN_H 1
| #define LT_OBJDIR ".libs/"
| #define HAVE_DLFCN_H 1
| #define USE_SECUREPLT 1
| #define ENABLE_NLS 1
| #define SIZEOF_LONG_LONG 8
| #define SIZEOF_VOID_P 8
| #define SIZEOF_LONG 8
| #define HAVE_ALLOCA_H 1
| #define HAVE_STDDEF_H 1
| #define HAVE_STRING_H 1
| #define HAVE_STRINGS_H 1
| #define HAVE_STDLIB_H 1
| #define HAVE_TIME_H 1
| #define HAVE_UNISTD_H 1
| #define HAVE_WCHAR_H 1
| #define HAVE_WCTYPE_H 1
| #define HAVE_FCNTL_H 1
| #define HAVE_SYS_FILE_H 1
| #define HAVE_SYS_TIME_H 1
| #define HAVE_SYS_STAT_H 1
| #define HAVE_SYS_RESOURCE_H 1
| #define TIME_WITH_SYS_TIME 1
| #define HAVE_DIRENT_H 1
| #define STRING_WITH_STRINGS 1
| #define HAVE_FCNTL 1
| #define HAVE_GETPAGESIZE 1
| #define HAVE_SETITIMER 1
| #define HAVE_SYSCONF 1
| #define HAVE_FDOPEN 1
| #define HAVE_GETUID 1
| #define HAVE_GETGID 1
| #define HAVE_FILENO 1
| #define HAVE_STRTOULL 1
| #define HAVE_GETRLIMIT 1
| /* end confdefs.h.  */
| #include <stdio.h>
| #ifdef HAVE_SYS_TYPES_H
| # include <sys/types.h>
| #endif
| #ifdef HAVE_SYS_STAT_H
| # include <sys/stat.h>
| #endif
| #ifdef STDC_HEADERS
| # include <stdlib.h>
| # include <stddef.h>
| #else
| # ifdef HAVE_STDLIB_H
| #  include <stdlib.h>
| # endif
| #endif
| #ifdef HAVE_STRING_H
| # if !defined STDC_HEADERS && defined HAVE_MEMORY_H
| #  include <memory.h>
| # endif
| # include <string.h>
| #endif
| #ifdef HAVE_STRINGS_H
| # include <strings.h>
| #endif
| #ifdef HAVE_INTTYPES_H
| # include <inttypes.h>
| #endif
| #ifdef HAVE_STDINT_H
| # include <stdint.h>
| #endif
| #ifdef HAVE_UNISTD_H
| # include <unistd.h>
| #endif
| int
| main ()
| {
| #ifndef basename
| #ifdef __cplusplus
|   (void) basename;
| #else
|   (void) basename;
| #endif
| #endif
| 
|   ;
|   return 0;
| }
configure:13706: result: no
configure:13717: checking whether ftello is declared
configure:13717: gcc -c -g -O2  conftest.c >&5
configure:13717: $? = 0
configure:13717: result: yes
configure:13728: checking whether ftello64 is declared
configure:13728: gcc -c -g -O2  conftest.c >&5
conftest.c:103:10: error: use of undeclared identifier 'ftello64'
  (void) ftello64;
         ^
1 error generated.
configure:13728: $? = 1
configure: failed program was:
| /* confdefs.h */
| #define PACKAGE_NAME "bfd"
| #define PACKAGE_TARNAME "bfd"
| #define PACKAGE_VERSION "2.27"
| #define PACKAGE_STRING "bfd 2.27"
| #define PACKAGE_BUGREPORT ""
| #define PACKAGE_URL ""
| #define PACKAGE "bfd"
| #define VERSION "2.27"
| #define STDC_HEADERS 1
| #define HAVE_SYS_TYPES_H 1
| #define HAVE_SYS_STAT_H 1
| #define HAVE_STDLIB_H 1
| #define HAVE_STRING_H 1
| #define HAVE_MEMORY_H 1
| #define HAVE_STRINGS_H 1
| #define HAVE_INTTYPES_H 1
| #define HAVE_STDINT_H 1
| #define HAVE_UNISTD_H 1
| #define __EXTENSIONS__ 1
| #define _ALL_SOURCE 1
| #define _GNU_SOURCE 1
| #define _POSIX_PTHREAD_SEMANTICS 1
| #define _TANDEM_SOURCE 1
| #define HAVE_DLFCN_H 1
| #define LT_OBJDIR ".libs/"
| #define HAVE_DLFCN_H 1
| #define USE_SECUREPLT 1
| #define ENABLE_NLS 1
| #define SIZEOF_LONG_LONG 8
| #define SIZEOF_VOID_P 8
| #define SIZEOF_LONG 8
| #define HAVE_ALLOCA_H 1
| #define HAVE_STDDEF_H 1
| #define HAVE_STRING_H 1
| #define HAVE_STRINGS_H 1
| #define HAVE_STDLIB_H 1
| #define HAVE_TIME_H 1
| #define HAVE_UNISTD_H 1
| #define HAVE_WCHAR_H 1
| #define HAVE_WCTYPE_H 1
| #define HAVE_FCNTL_H 1
| #define HAVE_SYS_FILE_H 1
| #define HAVE_SYS_TIME_H 1
| #define HAVE_SYS_STAT_H 1
| #define HAVE_SYS_RESOURCE_H 1
| #define TIME_WITH_SYS_TIME 1
| #define HAVE_DIRENT_H 1
| #define STRING_WITH_STRINGS 1
| #define HAVE_FCNTL 1
| #define HAVE_GETPAGESIZE 1
| #define HAVE_SETITIMER 1
| #define HAVE_SYSCONF 1
| #define HAVE_FDOPEN 1
| #define HAVE_GETUID 1
| #define HAVE_GETGID 1
| #define HAVE_FILENO 1
| #define HAVE_STRTOULL 1
| #define HAVE_GETRLIMIT 1
| #define HAVE_DECL_BASENAME 0
| #define HAVE_DECL_FTELLO 1
| /* end confdefs.h.  */
| #include <stdio.h>
| #ifdef HAVE_SYS_TYPES_H
| # include <sys/types.h>
| #endif
| #ifdef HAVE_SYS_STAT_H
| # include <sys/stat.h>
| #endif
| #ifdef STDC_HEADERS
| # include <stdlib.h>
| # include <stddef.h>
| #else
| # ifdef HAVE_STDLIB_H
| #  include <stdlib.h>
| # endif
| #endif
| #ifdef HAVE_STRING_H
| # if !defined STDC_HEADERS && defined HAVE_MEMORY_H
| #  include <memory.h>
| # endif
| # include <string.h>
| #endif
| #ifdef HAVE_STRINGS_H
| # include <strings.h>
| #endif
| #ifdef HAVE_INTTYPES_H
| # include <inttypes.h>
| #endif
| #ifdef HAVE_STDINT_H
| # include <stdint.h>
| #endif
| #ifdef HAVE_UNISTD_H
| # include <unistd.h>
| #endif
| int
| main ()
| {
| #ifndef ftello64
| #ifdef __cplusplus
|   (void) ftello64;
| #else
|   (void) ftello64;
| #endif
| #endif
| 
|   ;
|   return 0;
| }
configure:13728: result: no
configure:13739: checking whether fseeko is declared
configure:13739: gcc -c -g -O2  conftest.c >&5
configure:13739: $? = 0
configure:13739: result: yes
configure:13750: checking whether fseeko64 is declared
configure:13750: gcc -c -g -O2  conftest.c >&5
conftest.c:105:10: error: use of undeclared identifier 'fseeko64'
  (void) fseeko64;
         ^
1 error generated.
configure:13750: $? = 1
configure: failed program was:
| /* confdefs.h */
| #define PACKAGE_NAME "bfd"
| #define PACKAGE_TARNAME "bfd"
| #define PACKAGE_VERSION "2.27"
| #define PACKAGE_STRING "bfd 2.27"
| #define PACKAGE_BUGREPORT ""
| #define PACKAGE_URL ""
| #define PACKAGE "bfd"
| #define VERSION "2.27"
| #define STDC_HEADERS 1
| #define HAVE_SYS_TYPES_H 1
| #define HAVE_SYS_STAT_H 1
| #define HAVE_STDLIB_H 1
| #define HAVE_STRING_H 1
| #define HAVE_MEMORY_H 1
| #define HAVE_STRINGS_H 1
| #define HAVE_INTTYPES_H 1
| #define HAVE_STDINT_H 1
| #define HAVE_UNISTD_H 1
| #define __EXTENSIONS__ 1
| #define _ALL_SOURCE 1
| #define _GNU_SOURCE 1
| #define _POSIX_PTHREAD_SEMANTICS 1
| #define _TANDEM_SOURCE 1
| #define HAVE_DLFCN_H 1
| #define LT_OBJDIR ".libs/"
| #define HAVE_DLFCN_H 1
| #define USE_SECUREPLT 1
| #define ENABLE_NLS 1
| #define SIZEOF_LONG_LONG 8
| #define SIZEOF_VOID_P 8
| #define SIZEOF_LONG 8
| #define HAVE_ALLOCA_H 1
| #define HAVE_STDDEF_H 1
| #define HAVE_STRING_H 1
| #define HAVE_STRINGS_H 1
| #define HAVE_STDLIB_H 1
| #define HAVE_TIME_H 1
| #define HAVE_UNISTD_H 1
| #define HAVE_WCHAR_H 1
| #define HAVE_WCTYPE_H 1
| #define HAVE_FCNTL_H 1
| #define HAVE_SYS_FILE_H 1
| #define HAVE_SYS_TIME_H 1
| #define HAVE_SYS_STAT_H 1
| #define HAVE_SYS_RESOURCE_H 1
| #define TIME_WITH_SYS_TIME 1
| #define HAVE_DIRENT_H 1
| #define STRING_WITH_STRINGS 1
| #define HAVE_FCNTL 1
| #define HAVE_GETPAGESIZE 1
| #define HAVE_SETITIMER 1
| #define HAVE_SYSCONF 1
| #define HAVE_FDOPEN 1
| #define HAVE_GETUID 1
| #define HAVE_GETGID 1
| #define HAVE_FILENO 1
| #define HAVE_STRTOULL 1
| #define HAVE_GETRLIMIT 1
| #define HAVE_DECL_BASENAME 0
| #define HAVE_DECL_FTELLO 1
| #define HAVE_DECL_FTELLO64 0
| #define HAVE_DECL_FSEEKO 1
| /* end confdefs.h.  */
| #include <stdio.h>
| #ifdef HAVE_SYS_TYPES_H
| # include <sys/types.h>
| #endif
| #ifdef HAVE_SYS_STAT_H
| # include <sys/stat.h>
| #endif
| #ifdef STDC_HEADERS
| # include <stdlib.h>
| # include <stddef.h>
| #else
| # ifdef HAVE_STDLIB_H
| #  include <stdlib.h>
| # endif
| #endif
| #ifdef HAVE_STRING_H
| # if !defined STDC_HEADERS && defined HAVE_MEMORY_H
| #  include <memory.h>
| # endif
| # include <string.h>
| #endif
| #ifdef HAVE_STRINGS_H
| # include <strings.h>
| #endif
| #ifdef HAVE_INTTYPES_H
| # include <inttypes.h>
| #endif
| #ifdef HAVE_STDINT_H
| # include <stdint.h>
| #endif
| #ifdef HAVE_UNISTD_H
| # include <unistd.h>
| #endif
| int
| main ()
| {
| #ifndef fseeko64
| #ifdef __cplusplus
|   (void) fseeko64;
| #else
|   (void) fseeko64;
| #endif
| #endif
| 
|   ;
|   return 0;
| }
configure:13750: result: no
configure:13770: checking whether ffs is declared
configure:13770: gcc -c -g -O2  conftest.c >&5
configure:13770: $? = 0
configure:13770: result: yes
configure:13781: checking whether free is declared
configure:13781: gcc -c -g -O2  conftest.c >&5
configure:13781: $? = 0
configure:13781: result: yes
configure:13792: checking whether getenv is declared
configure:13792: gcc -c -g -O2  conftest.c >&5
configure:13792: $? = 0
configure:13792: result: yes
configure:13803: checking whether malloc is declared
configure:13803: gcc -c -g -O2  conftest.c >&5
configure:13803: $? = 0
configure:13803: result: yes
configure:13814: checking whether realloc is declared
configure:13814: gcc -c -g -O2  conftest.c >&5
configure:13814: $? = 0
configure:13814: result: yes
configure:13825: checking whether stpcpy is declared
configure:13825: gcc -c -g -O2  conftest.c >&5
configure:13825: $? = 0
configure:13825: result: yes
configure:13836: checking whether strstr is declared
configure:13836: gcc -c -g -O2  conftest.c >&5
configure:13836: $? = 0
configure:13836: result: yes
configure:13847: checking whether asprintf is declared
configure:13847: gcc -c -g -O2  conftest.c >&5
configure:13847: $? = 0
configure:13847: result: yes
configure:13858: checking whether vasprintf is declared
configure:13858: gcc -c -g -O2  conftest.c >&5
configure:13858: $? = 0
configure:13858: result: yes
configure:13869: checking whether snprintf is declared
configure:13869: gcc -c -g -O2  conftest.c >&5
configure:13869: $? = 0
configure:13869: result: yes
configure:13880: checking whether vsnprintf is declared
configure:13880: gcc -c -g -O2  conftest.c >&5
configure:13880: $? = 0
configure:13880: result: yes
configure:13891: checking whether strnlen is declared
configure:13891: gcc -c -g -O2  conftest.c >&5
configure:13891: $? = 0
configure:13891: result: yes
configure:13924: checking linker --as-needed support
configure:13935: result: no
configure:14642: checking for gcc version with buggy 64-bit support
configure:14655: result: no
configure:15770: checking for ftello
configure:15770: gcc -o conftest -g -O2   -Wl,-no_pie  conftest.c  >&5
configure:15770: $? = 0
configure:15770: result: yes
configure:15770: checking for ftello64
configure:15770: gcc -o conftest -g -O2   -Wl,-no_pie  conftest.c  >&5
Undefined symbols for architecture x86_64:
  "_ftello64", referenced from:
      _main in conftest-eab7a8.o
ld: symbol(s) not found for architecture x86_64
clang: error: linker command failed with exit code 1 (use -v to see invocation)
configure:15770: $? = 1
configure: failed program was:
| /* confdefs.h */
| #define PACKAGE_NAME "bfd"
| #define PACKAGE_TARNAME "bfd"
| #define PACKAGE_VERSION "2.27"
| #define PACKAGE_STRING "bfd 2.27"
| #define PACKAGE_BUGREPORT ""
| #define PACKAGE_URL ""
| #define PACKAGE "bfd"
| #define VERSION "2.27"
| #define STDC_HEADERS 1
| #define HAVE_SYS_TYPES_H 1
| #define HAVE_SYS_STAT_H 1
| #define HAVE_STDLIB_H 1
| #define HAVE_STRING_H 1
| #define HAVE_MEMORY_H 1
| #define HAVE_STRINGS_H 1
| #define HAVE_INTTYPES_H 1
| #define HAVE_STDINT_H 1
| #define HAVE_UNISTD_H 1
| #define __EXTENSIONS__ 1
| #define _ALL_SOURCE 1
| #define _GNU_SOURCE 1
| #define _POSIX_PTHREAD_SEMANTICS 1
| #define _TANDEM_SOURCE 1
| #define HAVE_DLFCN_H 1
| #define LT_OBJDIR ".libs/"
| #define HAVE_DLFCN_H 1
| #define USE_SECUREPLT 1
| #define ENABLE_NLS 1
| #define SIZEOF_LONG_LONG 8
| #define SIZEOF_VOID_P 8
| #define SIZEOF_LONG 8
| #define HAVE_ALLOCA_H 1
| #define HAVE_STDDEF_H 1
| #define HAVE_STRING_H 1
| #define HAVE_STRINGS_H 1
| #define HAVE_STDLIB_H 1
| #define HAVE_TIME_H 1
| #define HAVE_UNISTD_H 1
| #define HAVE_WCHAR_H 1
| #define HAVE_WCTYPE_H 1
| #define HAVE_FCNTL_H 1
| #define HAVE_SYS_FILE_H 1
| #define HAVE_SYS_TIME_H 1
| #define HAVE_SYS_STAT_H 1
| #define HAVE_SYS_RESOURCE_H 1
| #define TIME_WITH_SYS_TIME 1
| #define HAVE_DIRENT_H 1
| #define STRING_WITH_STRINGS 1
| #define HAVE_FCNTL 1
| #define HAVE_GETPAGESIZE 1
| #define HAVE_SETITIMER 1
| #define HAVE_SYSCONF 1
| #define HAVE_FDOPEN 1
| #define HAVE_GETUID 1
| #define HAVE_GETGID 1
| #define HAVE_FILENO 1
| #define HAVE_STRTOULL 1
| #define HAVE_GETRLIMIT 1
| #define HAVE_DECL_BASENAME 0
| #define HAVE_DECL_FTELLO 1
| #define HAVE_DECL_FTELLO64 0
| #define HAVE_DECL_FSEEKO 1
| #define HAVE_DECL_FSEEKO64 0
| #define HAVE_DECL_FFS 1
| #define HAVE_DECL_FREE 1
| #define HAVE_DECL_GETENV 1
| #define HAVE_DECL_MALLOC 1
| #define HAVE_DECL_REALLOC 1
| #define HAVE_DECL_STPCPY 1
| #define HAVE_DECL_STRSTR 1
| #define HAVE_DECL_ASPRINTF 1
| #define HAVE_DECL_VASPRINTF 1
| #define HAVE_DECL_SNPRINTF 1
| #define HAVE_DECL_VSNPRINTF 1
| #define HAVE_DECL_STRNLEN 1
| #define HAVE_FTELLO 1
| /* end confdefs.h.  */
| /* Define ftello64 to an innocuous variant, in case <limits.h> declares ftello64.
|    For example, HP-UX 11i <limits.h> declares gettimeofday.  */
| #define ftello64 innocuous_ftello64
| 
| /* System header to define __stub macros and hopefully few prototypes,
|     which can conflict with char ftello64 (); below.
|     Prefer <limits.h> to <assert.h> if __STDC__ is defined, since
|     <limits.h> exists even on freestanding compilers.  */
| 
| #ifdef __STDC__
| # include <limits.h>
| #else
| # include <assert.h>
| #endif
| 
| #undef ftello64
| 
| /* Override any GCC internal prototype to avoid an error.
|    Use char because int might match the return type of a GCC
|    builtin and then its argument prototype would still apply.  */
| #ifdef __cplusplus
| extern "C"
| #endif
| char ftello64 ();
| /* The GNU C library defines this for functions which it implements
|     to always fail with ENOSYS.  Some functions are actually named
|     something starting with __ and the normal name is an alias.  */
| #if defined __stub_ftello64 || defined __stub___ftello64
| choke me
| #endif
| 
| int
| main ()
| {
| return ftello64 ();
|   ;
|   return 0;
| }
configure:15770: result: no
configure:15770: checking for fseeko
configure:15770: gcc -o conftest -g -O2   -Wl,-no_pie  conftest.c  >&5
configure:15770: $? = 0
configure:15770: result: yes
configure:15770: checking for fseeko64
configure:15770: gcc -o conftest -g -O2   -Wl,-no_pie  conftest.c  >&5
Undefined symbols for architecture x86_64:
  "_fseeko64", referenced from:
      _main in conftest-51febe.o
ld: symbol(s) not found for architecture x86_64
clang: error: linker command failed with exit code 1 (use -v to see invocation)
configure:15770: $? = 1
configure: failed program was:
| /* confdefs.h */
| #define PACKAGE_NAME "bfd"
| #define PACKAGE_TARNAME "bfd"
| #define PACKAGE_VERSION "2.27"
| #define PACKAGE_STRING "bfd 2.27"
| #define PACKAGE_BUGREPORT ""
| #define PACKAGE_URL ""
| #define PACKAGE "bfd"
| #define VERSION "2.27"
| #define STDC_HEADERS 1
| #define HAVE_SYS_TYPES_H 1
| #define HAVE_SYS_STAT_H 1
| #define HAVE_STDLIB_H 1
| #define HAVE_STRING_H 1
| #define HAVE_MEMORY_H 1
| #define HAVE_STRINGS_H 1
| #define HAVE_INTTYPES_H 1
| #define HAVE_STDINT_H 1
| #define HAVE_UNISTD_H 1
| #define __EXTENSIONS__ 1
| #define _ALL_SOURCE 1
| #define _GNU_SOURCE 1
| #define _POSIX_PTHREAD_SEMANTICS 1
| #define _TANDEM_SOURCE 1
| #define HAVE_DLFCN_H 1
| #define LT_OBJDIR ".libs/"
| #define HAVE_DLFCN_H 1
| #define USE_SECUREPLT 1
| #define ENABLE_NLS 1
| #define SIZEOF_LONG_LONG 8
| #define SIZEOF_VOID_P 8
| #define SIZEOF_LONG 8
| #define HAVE_ALLOCA_H 1
| #define HAVE_STDDEF_H 1
| #define HAVE_STRING_H 1
| #define HAVE_STRINGS_H 1
| #define HAVE_STDLIB_H 1
| #define HAVE_TIME_H 1
| #define HAVE_UNISTD_H 1
| #define HAVE_WCHAR_H 1
| #define HAVE_WCTYPE_H 1
| #define HAVE_FCNTL_H 1
| #define HAVE_SYS_FILE_H 1
| #define HAVE_SYS_TIME_H 1
| #define HAVE_SYS_STAT_H 1
| #define HAVE_SYS_RESOURCE_H 1
| #define TIME_WITH_SYS_TIME 1
| #define HAVE_DIRENT_H 1
| #define STRING_WITH_STRINGS 1
| #define HAVE_FCNTL 1
| #define HAVE_GETPAGESIZE 1
| #define HAVE_SETITIMER 1
| #define HAVE_SYSCONF 1
| #define HAVE_FDOPEN 1
| #define HAVE_GETUID 1
| #define HAVE_GETGID 1
| #define HAVE_FILENO 1
| #define HAVE_STRTOULL 1
| #define HAVE_GETRLIMIT 1
| #define HAVE_DECL_BASENAME 0
| #define HAVE_DECL_FTELLO 1
| #define HAVE_DECL_FTELLO64 0
| #define HAVE_DECL_FSEEKO 1
| #define HAVE_DECL_FSEEKO64 0
| #define HAVE_DECL_FFS 1
| #define HAVE_DECL_FREE 1
| #define HAVE_DECL_GETENV 1
| #define HAVE_DECL_MALLOC 1
| #define HAVE_DECL_REALLOC 1
| #define HAVE_DECL_STPCPY 1
| #define HAVE_DECL_STRSTR 1
| #define HAVE_DECL_ASPRINTF 1
| #define HAVE_DECL_VASPRINTF 1
| #define HAVE_DECL_SNPRINTF 1
| #define HAVE_DECL_VSNPRINTF 1
| #define HAVE_DECL_STRNLEN 1
| #define HAVE_FTELLO 1
| #define HAVE_FSEEKO 1
| /* end confdefs.h.  */
| /* Define fseeko64 to an innocuous variant, in case <limits.h> declares fseeko64.
|    For example, HP-UX 11i <limits.h> declares gettimeofday.  */
| #define fseeko64 innocuous_fseeko64
| 
| /* System header to define __stub macros and hopefully few prototypes,
|     which can conflict with char fseeko64 (); below.
|     Prefer <limits.h> to <assert.h> if __STDC__ is defined, since
|     <limits.h> exists even on freestanding compilers.  */
| 
| #ifdef __STDC__
| # include <limits.h>
| #else
| # include <assert.h>
| #endif
| 
| #undef fseeko64
| 
| /* Override any GCC internal prototype to avoid an error.
|    Use char because int might match the return type of a GCC
|    builtin and then its argument prototype would still apply.  */
| #ifdef __cplusplus
| extern "C"
| #endif
| char fseeko64 ();
| /* The GNU C library defines this for functions which it implements
|     to always fail with ENOSYS.  Some functions are actually named
|     something starting with __ and the normal name is an alias.  */
| #if defined __stub_fseeko64 || defined __stub___fseeko64
| choke me
| #endif
| 
| int
| main ()
| {
| return fseeko64 ();
|   ;
|   return 0;
| }
configure:15770: result: no
configure:15770: checking for fopen64
configure:15770: gcc -o conftest -g -O2   -Wl,-no_pie  conftest.c  >&5
Undefined symbols for architecture x86_64:
  "_fopen64", referenced from:
      _main in conftest-7fe6bd.o
ld: symbol(s) not found for architecture x86_64
clang: error: linker command failed with exit code 1 (use -v to see invocation)
configure:15770: $? = 1
configure: failed program was:
| /* confdefs.h */
| #define PACKAGE_NAME "bfd"
| #define PACKAGE_TARNAME "bfd"
| #define PACKAGE_VERSION "2.27"
| #define PACKAGE_STRING "bfd 2.27"
| #define PACKAGE_BUGREPORT ""
| #define PACKAGE_URL ""
| #define PACKAGE "bfd"
| #define VERSION "2.27"
| #define STDC_HEADERS 1
| #define HAVE_SYS_TYPES_H 1
| #define HAVE_SYS_STAT_H 1
| #define HAVE_STDLIB_H 1
| #define HAVE_STRING_H 1
| #define HAVE_MEMORY_H 1
| #define HAVE_STRINGS_H 1
| #define HAVE_INTTYPES_H 1
| #define HAVE_STDINT_H 1
| #define HAVE_UNISTD_H 1
| #define __EXTENSIONS__ 1
| #define _ALL_SOURCE 1
| #define _GNU_SOURCE 1
| #define _POSIX_PTHREAD_SEMANTICS 1
| #define _TANDEM_SOURCE 1
| #define HAVE_DLFCN_H 1
| #define LT_OBJDIR ".libs/"
| #define HAVE_DLFCN_H 1
| #define USE_SECUREPLT 1
| #define ENABLE_NLS 1
| #define SIZEOF_LONG_LONG 8
| #define SIZEOF_VOID_P 8
| #define SIZEOF_LONG 8
| #define HAVE_ALLOCA_H 1
| #define HAVE_STDDEF_H 1
| #define HAVE_STRING_H 1
| #define HAVE_STRINGS_H 1
| #define HAVE_STDLIB_H 1
| #define HAVE_TIME_H 1
| #define HAVE_UNISTD_H 1
| #define HAVE_WCHAR_H 1
| #define HAVE_WCTYPE_H 1
| #define HAVE_FCNTL_H 1
| #define HAVE_SYS_FILE_H 1
| #define HAVE_SYS_TIME_H 1
| #define HAVE_SYS_STAT_H 1
| #define HAVE_SYS_RESOURCE_H 1
| #define TIME_WITH_SYS_TIME 1
| #define HAVE_DIRENT_H 1
| #define STRING_WITH_STRINGS 1
| #define HAVE_FCNTL 1
| #define HAVE_GETPAGESIZE 1
| #define HAVE_SETITIMER 1
| #define HAVE_SYSCONF 1
| #define HAVE_FDOPEN 1
| #define HAVE_GETUID 1
| #define HAVE_GETGID 1
| #define HAVE_FILENO 1
| #define HAVE_STRTOULL 1
| #define HAVE_GETRLIMIT 1
| #define HAVE_DECL_BASENAME 0
| #define HAVE_DECL_FTELLO 1
| #define HAVE_DECL_FTELLO64 0
| #define HAVE_DECL_FSEEKO 1
| #define HAVE_DECL_FSEEKO64 0
| #define HAVE_DECL_FFS 1
| #define HAVE_DECL_FREE 1
| #define HAVE_DECL_GETENV 1
| #define HAVE_DECL_MALLOC 1
| #define HAVE_DECL_REALLOC 1
| #define HAVE_DECL_STPCPY 1
| #define HAVE_DECL_STRSTR 1
| #define HAVE_DECL_ASPRINTF 1
| #define HAVE_DECL_VASPRINTF 1
| #define HAVE_DECL_SNPRINTF 1
| #define HAVE_DECL_VSNPRINTF 1
| #define HAVE_DECL_STRNLEN 1
| #define HAVE_FTELLO 1
| #define HAVE_FSEEKO 1
| /* end confdefs.h.  */
| /* Define fopen64 to an innocuous variant, in case <limits.h> declares fopen64.
|    For example, HP-UX 11i <limits.h> declares gettimeofday.  */
| #define fopen64 innocuous_fopen64
| 
| /* System header to define __stub macros and hopefully few prototypes,
|     which can conflict with char fopen64 (); below.
|     Prefer <limits.h> to <assert.h> if __STDC__ is defined, since
|     <limits.h> exists even on freestanding compilers.  */
| 
| #ifdef __STDC__
| # include <limits.h>
| #else
| # include <assert.h>
| #endif
| 
| #undef fopen64
| 
| /* Override any GCC internal prototype to avoid an error.
|    Use char because int might match the return type of a GCC
|    builtin and then its argument prototype would still apply.  */
| #ifdef __cplusplus
| extern "C"
| #endif
| char fopen64 ();
| /* The GNU C library defines this for functions which it implements
|     to always fail with ENOSYS.  Some functions are actually named
|     something starting with __ and the normal name is an alias.  */
| #if defined __stub_fopen64 || defined __stub___fopen64
| choke me
| #endif
| 
| int
| main ()
| {
| return fopen64 ();
|   ;
|   return 0;
| }
configure:15770: result: no
configure:15785: checking size of off_t
configure:15790: gcc -o conftest -g -O2   -Wl,-no_pie  conftest.c  >&5
configure:15790: $? = 0
configure:15790: ./conftest
configure:15790: $? = 0
configure:15805: result: 8
configure:15816: checking file_ptr type
configure:15825: result: BFD_HOST_64_BIT
configure:15833: checking for stdlib.h
configure:15833: result: yes
configure:15833: checking for unistd.h
configure:15833: result: yes
configure:15846: checking for getpagesize
configure:15846: result: yes
configure:15855: checking for working mmap
configure:15992: gcc -o conftest -g -O2   -Wl,-no_pie  conftest.c  >&5
configure:15992: $? = 0
configure:15992: ./conftest
configure:15992: $? = 0
configure:16002: result: yes
configure:16014: checking for madvise
configure:16014: gcc -o conftest -g -O2   -Wl,-no_pie  conftest.c  >&5
configure:16014: $? = 0
configure:16014: result: yes
configure:16014: checking for mprotect
configure:16014: gcc -o conftest -g -O2   -Wl,-no_pie  conftest.c  >&5
configure:16014: $? = 0
configure:16014: result: yes
configure:16107: updating cache ./config.cache
configure:16176: creating ./config.status

## ---------------------- ##
## Running config.status. ##
## ---------------------- ##

This file was extended by bfd config.status 2.27, which was
generated by GNU Autoconf 2.64.  Invocation command line was

  CONFIG_FILES    = 
  CONFIG_HEADERS  = 
  CONFIG_LINKS    = 
  CONFIG_COMMANDS = 
  $ ./config.status 

on aowens.local

config.status:1230: creating Makefile
config.status:1230: creating doc/Makefile
config.status:1230: creating bfd-in3.h
config.status:1230: creating po/Makefile.in
config.status:1230: creating config.h
config.status:1443: executing depfiles commands
config.status:1443: executing libtool commands
config.status:1443: executing default-1 commands
config.status:1443: executing bfd_stdint.h commands
config.status:1443: executing default commands

## ---------------- ##
## Cache variables. ##
## ---------------- ##

ac_cv_build=x86_64-apple-darwin14.5.0
ac_cv_c_compiler_gnu=yes
ac_cv_env_CC_set=set
ac_cv_env_CC_value=gcc
ac_cv_env_CFLAGS_set=set
ac_cv_env_CFLAGS_value='-g -O2'
ac_cv_env_CPPFLAGS_set=
ac_cv_env_CPPFLAGS_value=
ac_cv_env_CPP_set=
ac_cv_env_CPP_value=
ac_cv_env_LDFLAGS_set=set
ac_cv_env_LDFLAGS_value=' -Wl,-no_pie '
ac_cv_env_LIBS_set=
ac_cv_env_LIBS_value=
ac_cv_env_build_alias_set=set
ac_cv_env_build_alias_value=x86_64-apple-darwin14.5.0
ac_cv_env_host_alias_set=set
ac_cv_env_host_alias_value=x86_64-apple-darwin14.5.0
ac_cv_env_target_alias_set=set
ac_cv_env_target_alias_value=i386-unknown-linux-gnu
ac_cv_func_fcntl=yes
ac_cv_func_fdopen=yes
ac_cv_func_fileno=yes
ac_cv_func_fopen64=no
ac_cv_func_fseeko64=no
ac_cv_func_fseeko=yes
ac_cv_func_ftello64=no
ac_cv_func_ftello=yes
ac_cv_func_getgid=yes
ac_cv_func_getpagesize=yes
ac_cv_func_getrlimit=yes
ac_cv_func_getuid=yes
ac_cv_func_madvise=yes
ac_cv_func_mmap_fixed_mapped=yes
ac_cv_func_mprotect=yes
ac_cv_func_setitimer=yes
ac_cv_func_strtoull=yes
ac_cv_func_sysconf=yes
ac_cv_have_decl_asprintf=yes
ac_cv_have_decl_basename=no
ac_cv_have_decl_ffs=yes
ac_cv_have_decl_free=yes
ac_cv_have_decl_fseeko64=no
ac_cv_have_decl_fseeko=yes
ac_cv_have_decl_ftello64=no
ac_cv_have_decl_ftello=yes
ac_cv_have_decl_getenv=yes
ac_cv_have_decl_malloc=yes
ac_cv_have_decl_realloc=yes
ac_cv_have_decl_snprintf=yes
ac_cv_have_decl_stpcpy=yes
ac_cv_have_decl_strnlen=yes
ac_cv_have_decl_strstr=yes
ac_cv_have_decl_vasprintf=yes
ac_cv_have_decl_vsnprintf=yes
ac_cv_header_alloca_h=yes
ac_cv_header_dirent_dirent_h=yes
ac_cv_header_dlfcn_h=yes
ac_cv_header_fcntl_h=yes
ac_cv_header_inttypes_h=yes
ac_cv_header_memory_h=yes
ac_cv_header_minix_config_h=no
ac_cv_header_stdc=yes
ac_cv_header_stddef_h=yes
ac_cv_header_stdint_h=yes
ac_cv_header_stdlib_h=yes
ac_cv_header_string_h=yes
ac_cv_header_strings_h=yes
ac_cv_header_sys_file_h=yes
ac_cv_header_sys_resource_h=yes
ac_cv_header_sys_stat_h=yes
ac_cv_header_sys_time_h=yes
ac_cv_header_sys_types_h=yes
ac_cv_header_time=yes
ac_cv_header_time_h=yes
ac_cv_header_unistd_h=yes
ac_cv_header_wchar_h=yes
ac_cv_header_wctype_h=yes
ac_cv_header_windows_h=no
ac_cv_host=x86_64-apple-darwin14.5.0
ac_cv_lib_dl_dlopen=yes
ac_cv_objext=o
ac_cv_path_EGREP='/usr/bin/grep -E'
ac_cv_path_FGREP='/usr/bin/grep -F'
ac_cv_path_GMSGFMT=:
ac_cv_path_GREP=/usr/bin/grep
ac_cv_path_MSGFMT=:
ac_cv_path_MSGMERGE=:
ac_cv_path_SED=/usr/bin/sed
ac_cv_path_XGETTEXT=:
ac_cv_prog_AR=ar
ac_cv_prog_AWK=awk
ac_cv_prog_CC=gcc
ac_cv_prog_CPP='gcc -E'
ac_cv_prog_OBJDUMP=objdump
ac_cv_prog_RANLIB=ranlib
ac_cv_prog_ac_ct_DSYMUTIL=dsymutil
ac_cv_prog_ac_ct_LIPO=lipo
ac_cv_prog_ac_ct_NMEDIT=nmedit
ac_cv_prog_ac_ct_OTOOL=otool
ac_cv_prog_ac_ct_STRIP=strip
ac_cv_prog_cc_c89=
ac_cv_prog_cc_g=yes
ac_cv_prog_make__Library_Developer_CommandLineTools_usr_bin_make_set=yes
ac_cv_safe_to_define___extensions__=yes
ac_cv_search_dlopen='none required'
ac_cv_search_opendir='none required'
ac_cv_search_strerror='none required'
ac_cv_sizeof_long=8
ac_cv_sizeof_long_long=8
ac_cv_sizeof_off_t=8
ac_cv_sizeof_void_p=8
ac_cv_sys_file_offset_bits=no
ac_cv_sys_largefile_CC=no
ac_cv_target=i386-unknown-linux-gnu
ac_cv_type_int_fast32_t=yes
ac_cv_type_int_least32_t=yes
ac_cv_type_u_int64_t=no
ac_cv_type_uint64_t=yes
ac_cv_type_uintmax_t=yes
ac_cv_type_uintptr_t=yes
acx_cv_header_stdint=stdint.h
acx_cv_header_stdint_kind='(already complete)'
am_cv_CC_dependencies_compiler_type=gcc3
bfd_cv_ld_as_needed=no
gcc_cv_header_string=yes
lt_cv_apple_cc_single_mod=yes
lt_cv_deplibs_check_method=pass_all
lt_cv_dlopen=dlopen
lt_cv_dlopen_libs=-ldl
lt_cv_dlopen_self=yes
lt_cv_dlopen_self_static=yes
lt_cv_file_magic_cmd='$MAGIC_CMD'
lt_cv_file_magic_test_file=
lt_cv_ld_exported_symbols_list=yes
lt_cv_ld_force_load=no
lt_cv_ld_reload_flag=-r
lt_cv_nm_interface='BSD nm'
lt_cv_objdir=.libs
lt_cv_path_LD=/Library/Developer/CommandLineTools/usr/bin/ld
lt_cv_path_NM=nm
lt_cv_prog_compiler_c_o=yes
lt_cv_prog_compiler_pic_works=yes
lt_cv_prog_compiler_rtti_exceptions=yes
lt_cv_prog_compiler_static_works=no
lt_cv_prog_gnu_ld=no
lt_cv_sys_global_symbol_pipe='sed -n -e '\''s/^.*[	 ]\([BCDEGRST][BCDEGRST]*\)[	 ][	 ]*_\([_A-Za-z][_A-Za-z0-9]*\)$/\1 _\2 \2/p'\'''
lt_cv_sys_global_symbol_to_c_name_address='sed -n -e '\''s/^: \([^ ]*\) $/  {\"\1\", (void *) 0},/p'\'' -e '\''s/^[BCDEGRST]* \([^ ]*\) \([^ ]*\)$/  {"\2", (void *) \&\2},/p'\'''
lt_cv_sys_global_symbol_to_c_name_address_lib_prefix='sed -n -e '\''s/^: \([^ ]*\) $/  {\"\1\", (void *) 0},/p'\'' -e '\''s/^[BCDEGRST]* \([^ ]*\) \(lib[^ ]*\)$/  {"\2", (void *) \&\2},/p'\'' -e '\''s/^[BCDEGRST]* \([^ ]*\) \([^ ]*\)$/  {"lib\2", (void *) \&\2},/p'\'''
lt_cv_sys_global_symbol_to_cdecl='sed -n -e '\''s/^T .* \(.*\)$/extern int \1();/p'\'' -e '\''s/^[BCDEGRST]* .* \(.*\)$/extern char \1;/p'\'''
lt_cv_sys_max_cmd_len=196608

## ----------------- ##
## Output variables. ##
## ----------------- ##

ACLOCAL='${SHELL} /Users/andrewowens/x86/binutils-2.27/missing --run aclocal-1.11'
AMDEPBACKSLASH='\'
AMDEP_FALSE='#'
AMDEP_TRUE=''
AMTAR='$${TAR-tar}'
AR='ar'
AUTOCONF='${SHELL} /Users/andrewowens/x86/binutils-2.27/missing --run autoconf'
AUTOHEADER='${SHELL} /Users/andrewowens/x86/binutils-2.27/missing --run autoheader'
AUTOMAKE='${SHELL} /Users/andrewowens/x86/binutils-2.27/missing --run automake-1.11'
AWK='awk'
BFD_HOSTPTR_T='unsigned long'
BFD_HOST_64BIT_LONG='1'
BFD_HOST_64BIT_LONG_LONG='0'
BFD_HOST_64_BIT='long'
BFD_HOST_64_BIT_DEFINED='1'
BFD_HOST_U_64_BIT='unsigned long'
CATALOGS=' da.gmo es.gmo fi.gmo fr.gmo id.gmo ja.gmo ro.gmo ru.gmo rw.gmo sr.gmo sv.gmo tr.gmo uk.gmo vi.gmo zh_CN.gmo da.gmo es.gmo fi.gmo fr.gmo id.gmo ja.gmo ro.gmo ru.gmo rw.gmo sr.gmo sv.gmo tr.gmo uk.gmo vi.gmo zh_CN.gmo'
CATOBJEXT='.gmo'
CC='gcc'
CCDEPMODE='depmode=gcc3'
CC_FOR_BUILD='gcc'
CFLAGS='-g -O2'
COREFILE=''
COREFLAG=''
CPP='gcc -E'
CPPFLAGS=''
CYGPATH_W='echo'
DATADIRNAME='share'
DEBUGDIR='${exec_prefix}/lib/debug'
DEFS='-DHAVE_CONFIG_H'
DEPDIR='.deps'
DSYMUTIL='dsymutil'
DUMPBIN=''
ECHO_C='\c'
ECHO_N=''
ECHO_T=''
EGREP='/usr/bin/grep -E'
EXEEXT=''
EXEEXT_FOR_BUILD='$(EXEEXT)'
FGREP='/usr/bin/grep -F'
GENCAT='gencat'
GENINSRC_NEVER_FALSE=''
GENINSRC_NEVER_TRUE='#'
GMSGFMT=':'
GREP='/usr/bin/grep'
HDEFINES=''
INCINTL='-I${top_builddir}/../intl'
INSTALL_DATA='/usr/bin/install -c -m 644'
INSTALL_LIBBFD_FALSE=''
INSTALL_LIBBFD_TRUE='#'
INSTALL_PROGRAM='/usr/bin/install -c'
INSTALL_SCRIPT='/usr/bin/install -c'
INSTALL_STRIP_PROGRAM='$(install_sh) -c -s'
INSTOBJEXT='.mo'
LD='/Library/Developer/CommandLineTools/usr/bin/ld'
LDFLAGS=' -Wl,-no_pie '
LIBINTL='${top_builddir}/../intl/libintl.a -liconv'
LIBINTL_DEP='${top_builddir}/../intl/libintl.a'
LIBM=''
LIBOBJS=''
LIBS=''
LIBTOOL='$(SHELL) $(top_builddir)/libtool'
LIPO='lipo'
LN_S='ln -s'
LTLIBOBJS=''
MAINT='#'
MAINTAINER_MODE_FALSE=''
MAINTAINER_MODE_TRUE='#'
MAKEINFO='makeinfo --split-size=5000000'
MKDIR_P='../../bfd/../install-sh -c -d'
MKINSTALLDIRS='$(top_builddir)/../../bfd/../mkinstalldirs'
MSGFMT=':'
MSGMERGE=':'
NM='nm'
NMEDIT='nmedit'
NO_WERROR=''
OBJDUMP='objdump'
OBJEXT='o'
OTOOL64=':'
OTOOL='otool'
PACKAGE='bfd'
PACKAGE_BUGREPORT=''
PACKAGE_NAME='bfd'
PACKAGE_STRING='bfd 2.27'
PACKAGE_TARNAME='bfd'
PACKAGE_URL=''
PACKAGE_VERSION='2.27'
PATH_SEPARATOR=':'
PKGVERSION='(GNU Binutils) '
PLUGINS_FALSE='#'
PLUGINS_TRUE=''
POSUB='po'
RANLIB='ranlib'
REPORT_BUGS_TEXI='@uref{http://www.sourceware.org/bugzilla/}'
REPORT_BUGS_TO='<http://www.sourceware.org/bugzilla/>'
SED='/usr/bin/sed'
SET_MAKE=''
SHARED_LDFLAGS=''
SHARED_LIBADD=''
SHELL='/bin/sh'
STRIP='strip'
TDEFINES='  '
USE_NLS='yes'
VERSION='2.27'
WARN_CFLAGS='-W -Wall -Wstrict-prototypes -Wmissing-prototypes -Wshadow'
WARN_WRITE_STRINGS='-Wwrite-strings'
XGETTEXT=':'
ac_ct_CC=''
ac_ct_DUMPBIN=''
all_backends='$(BFD64_BACKENDS) $(BFD32_BACKENDS)'
am__EXEEXT_FALSE=''
am__EXEEXT_TRUE='#'
am__fastdepCC_FALSE='#'
am__fastdepCC_TRUE=''
am__include='include'
am__isrc=' -I$(srcdir)'
am__leading_dot='.'
am__nodep='_no'
am__quote=''
am__tar='$${TAR-tar} chof - "$$tardir"'
am__untar='$${TAR-tar} xf -'
bfd64_libs='$(BFD64_LIBS)'
bfd_backends=' elf32-i386.lo elf-ifunc.lo elf-nacl.lo elf-vxworks.lo elf32.lo elf.lo elflink.lo elf-attrs.lo elf-strtab.lo elf-eh-frame.lo dwarf1.lo dwarf2.lo i386linux.lo aout32.lo pei-i386.lo peigen.lo cofflink.lo coffgen.lo elf64-x86-64.lo elf64.lo pei-x86_64.lo pex64igen.lo elf64-gen.lo elf32-gen.lo plugin.lo'
bfd_default_target_size='32'
bfd_file_ptr='BFD_HOST_64_BIT'
bfd_machines=' cpu-i386.lo cpu-iamcu.lo cpu-l1om.lo cpu-k1om.lo cpu-plugin.lo'
bfd_ufile_ptr='BFD_HOST_U_64_BIT'
bfdincludedir='$(exec_prefix)/$(host_noncanonical)/$(target_noncanonical)/include'
bfdlibdir='$(exec_prefix)/$(host_noncanonical)/$(target_noncanonical)/lib'
bindir='${exec_prefix}/bin'
build='x86_64-apple-darwin14.5.0'
build_alias='x86_64-apple-darwin14.5.0'
build_cpu='x86_64'
build_os='darwin14.5.0'
build_vendor='apple'
datadir='${datarootdir}'
datarootdir='${prefix}/share'
docdir='${datarootdir}/doc/${PACKAGE_TARNAME}'
dvidir='${docdir}'
exec_prefix='${prefix}'
havevecs='-DHAVE_i386_elf32_vec -DHAVE_iamcu_elf32_vec -DHAVE_i386_aout_linux_vec -DHAVE_i386_pei_vec -DHAVE_x86_64_elf64_vec -DHAVE_x86_64_elf32_vec -DHAVE_x86_64_pei_vec -DHAVE_l1om_elf64_vec -DHAVE_k1om_elf64_vec -DHAVE_elf64_le_vec -DHAVE_elf64_be_vec -DHAVE_elf32_le_vec -DHAVE_elf32_be_vec -DHAVE_plugin_vec'
host='x86_64-apple-darwin14.5.0'
host_alias='x86_64-apple-darwin14.5.0'
host_cpu='x86_64'
host_noncanonical='x86_64-apple-darwin14.5.0'
host_os='darwin14.5.0'
host_vendor='apple'
htmldir='${docdir}'
includedir='${prefix}/include'
infodir='${datarootdir}/info'
install_sh='${SHELL} /Users/andrewowens/x86/binutils-2.27/install-sh'
libdir='${exec_prefix}/lib'
libexecdir='${exec_prefix}/libexec'
localedir='${datarootdir}/locale'
localstatedir='${prefix}/var'
lt_cv_dlopen_libs='-ldl'
mandir='${datarootdir}/man'
mkdir_p='$(top_builddir)/../../bfd/../install-sh -c -d'
oldincludedir='/usr/include'
pdfdir='${docdir}'
prefix='/Users/andrewowens/.local/binutils'
program_transform_name='s&^&i386-unknown-linux-gnu-&'
psdir='${docdir}'
sbindir='${exec_prefix}/sbin'
sharedstatedir='${prefix}/com'
supports_plugins='1'
sysconfdir='${prefix}/etc'
target='i386-unknown-linux-gnu'
target_alias='i386-unknown-linux-gnu'
target_cpu='i386'
target_noncanonical='i386-unknown-linux-gnu'
target_os='linux-gnu'
target_vendor='unknown'
tdefaults=' -DDEFAULT_VECTOR=i386_elf32_vec -DSELECT_VECS='\''&i386_elf32_vec,&iamcu_elf32_vec,&i386_aout_linux_vec,&i386_pei_vec,&x86_64_elf64_vec,&x86_64_elf32_vec,&x86_64_pei_vec,&l1om_elf64_vec,&k1om_elf64_vec,&elf64_le_vec,&elf64_be_vec,&elf32_le_vec,&elf32_be_vec,&plugin_vec'\'' -DSELECT_ARCHITECTURES='\''&bfd_i386_arch,&bfd_iamcu_arch,&bfd_l1om_arch,&bfd_k1om_arch,&bfd_plugin_arch'\'''
wordsize='64'
zlibdir='-L$(top_builddir)/../zlib'
zlibinc='-I$(top_srcdir)/../zlib'

## ----------- ##
## confdefs.h. ##
## ----------- ##

/* confdefs.h */
#define PACKAGE_NAME "bfd"
#define PACKAGE_TARNAME "bfd"
#define PACKAGE_VERSION "2.27"
#define PACKAGE_STRING "bfd 2.27"
#define PACKAGE_BUGREPORT ""
#define PACKAGE_URL ""
#define PACKAGE "bfd"
#define VERSION "2.27"
#define STDC_HEADERS 1
#define HAVE_SYS_TYPES_H 1
#define HAVE_SYS_STAT_H 1
#define HAVE_STDLIB_H 1
#define HAVE_STRING_H 1
#define HAVE_MEMORY_H 1
#define HAVE_STRINGS_H 1
#define HAVE_INTTYPES_H 1
#define HAVE_STDINT_H 1
#define HAVE_UNISTD_H 1
#define __EXTENSIONS__ 1
#define _ALL_SOURCE 1
#define _GNU_SOURCE 1
#define _POSIX_PTHREAD_SEMANTICS 1
#define _TANDEM_SOURCE 1
#define HAVE_DLFCN_H 1
#define LT_OBJDIR ".libs/"
#define HAVE_DLFCN_H 1
#define USE_SECUREPLT 1
#define ENABLE_NLS 1
#define SIZEOF_LONG_LONG 8
#define SIZEOF_VOID_P 8
#define SIZEOF_LONG 8
#define HAVE_ALLOCA_H 1
#define HAVE_STDDEF_H 1
#define HAVE_STRING_H 1
#define HAVE_STRINGS_H 1
#define HAVE_STDLIB_H 1
#define HAVE_TIME_H 1
#define HAVE_UNISTD_H 1
#define HAVE_WCHAR_H 1
#define HAVE_WCTYPE_H 1
#define HAVE_FCNTL_H 1
#define HAVE_SYS_FILE_H 1
#define HAVE_SYS_TIME_H 1
#define HAVE_SYS_STAT_H 1
#define HAVE_SYS_RESOURCE_H 1
#define TIME_WITH_SYS_TIME 1
#define HAVE_DIRENT_H 1
#define STRING_WITH_STRINGS 1
#define HAVE_FCNTL 1
#define HAVE_GETPAGESIZE 1
#define HAVE_SETITIMER 1
#define HAVE_SYSCONF 1
#define HAVE_FDOPEN 1
#define HAVE_GETUID 1
#define HAVE_GETGID 1
#define HAVE_FILENO 1
#define HAVE_STRTOULL 1
#define HAVE_GETRLIMIT 1
#define HAVE_DECL_BASENAME 0
#define HAVE_DECL_FTELLO 1
#define HAVE_DECL_FTELLO64 0
#define HAVE_DECL_FSEEKO 1
#define HAVE_DECL_FSEEKO64 0
#define HAVE_DECL_FFS 1
#define HAVE_DECL_FREE 1
#define HAVE_DECL_GETENV 1
#define HAVE_DECL_MALLOC 1
#define HAVE_DECL_REALLOC 1
#define HAVE_DECL_STPCPY 1
#define HAVE_DECL_STRSTR 1
#define HAVE_DECL_ASPRINTF 1
#define HAVE_DECL_VASPRINTF 1
#define HAVE_DECL_SNPRINTF 1
#define HAVE_DECL_VSNPRINTF 1
#define HAVE_DECL_STRNLEN 1
#define HAVE_FTELLO 1
#define HAVE_FSEEKO 1
#define SIZEOF_OFF_T 8
#define HAVE_STDLIB_H 1
#define HAVE_UNISTD_H 1
#define HAVE_GETPAGESIZE 1
#define HAVE_MMAP 1
#define HAVE_MADVISE 1
#define HAVE_MPROTECT 1

configure: exit 0

## ---------------------- ##
## Running config.status. ##
## ---------------------- ##

This file was extended by bfd config.status 2.27, which was
generated by GNU Autoconf 2.64.  Invocation command line was

  CONFIG_FILES    = po/Makefile.in:po/Make-in
  CONFIG_HEADERS  = 
  CONFIG_LINKS    = 
  CONFIG_COMMANDS = 
  $ ./config.status 

on aowens.local

config.status:1230: creating po/Makefile.in
config.status:1443: executing depfiles commands
config.status:1443: executing libtool commands
config.status:1443: executing default-1 commands
config.status:1443: executing bfd_stdint.h commands
config.status:1443: executing default commands
