This file contains any messages produced by compilers while
running configure, to aid debugging if configure makes a mistake.

It was created by configure, which was
generated by GNU Autoconf 2.64.  Invocation command line was

  $ ../configure --prefix=/Users/andrewowens/.local/binutils --target=i386-unknown-linux-gnu

## --------- ##
## Platform. ##
## --------- ##

hostname = aowens.local
uname -m = x86_64
uname -r = 14.5.0
uname -s = Darwin
uname -v = Darwin Kernel Version 14.5.0: Mon Jan 11 18:48:35 PST 2016; root:xnu-2782.50.2~1/RELEASE_X86_64

/usr/bin/uname -p = i386
/bin/uname -X     = unknown

/bin/arch              = unknown
/usr/bin/arch -k       = unknown
/usr/convex/getsysinfo = unknown
/usr/bin/hostinfo      = Mach kernel version:
	 Darwin Kernel Version 14.5.0: Mon Jan 11 18:48:35 PST 2016; root:xnu-2782.50.2~1/RELEASE_X86_64
Kernel configured for up to 4 processors.
2 processors are physically available.
4 processors are logically available.
Processor type: i486 (Intel 80486)
Processors active: 0 1 2 3
Primary memory available: 8.00 gigabytes
Default processor set: 301 tasks, 1569 threads, 4 processors
Load average: 1.50, Mach factor: 2.49
/bin/machine           = unknown
/usr/bin/oslevel       = unknown
/bin/universe          = unknown

PATH: /usr/local/bin
PATH: /usr/local/bin
PATH: /usr/bin
PATH: /bin
PATH: /usr/sbin
PATH: /sbin
PATH: /usr/local/MacGPG2/bin
PATH: /Users/andrewowens/bin


## ----------- ##
## Core tests. ##
## ----------- ##

configure:2297: checking build system type
configure:2311: result: x86_64-apple-darwin14.5.0
configure:2358: checking host system type
configure:2371: result: x86_64-apple-darwin14.5.0
configure:2391: checking target system type
configure:2404: result: i386-unknown-linux-gnu
configure:2458: checking for a BSD-compatible install
configure:2526: result: /usr/bin/install -c
configure:2537: checking whether ln works
configure:2559: result: yes
configure:2563: checking whether ln -s works
configure:2567: result: yes
configure:2574: checking for a sed that does not truncate output
configure:2638: result: /usr/bin/sed
configure:2647: checking for gawk
configure:2677: result: no
configure:2647: checking for mawk
configure:2677: result: no
configure:2647: checking for nawk
configure:2677: result: no
configure:2647: checking for awk
configure:2663: found /usr/bin/awk
configure:2674: result: awk
configure:4121: checking for gcc
configure:4137: found /usr/bin/gcc
configure:4148: result: gcc
configure:4377: checking for C compiler version
configure:4386: gcc --version >&5
Apple LLVM version 7.0.2 (clang-700.1.81)
Target: x86_64-apple-darwin14.5.0
Thread model: posix
Configured with: --prefix=/Library/Developer/CommandLineTools/usr --with-gxx-include-dir=/usr/include/c++/4.2.1
configure:4397: $? = 0
configure:4386: gcc -v >&5
Configured with: --prefix=/Library/Developer/CommandLineTools/usr --with-gxx-include-dir=/usr/include/c++/4.2.1
Apple LLVM version 7.0.2 (clang-700.1.81)
Target: x86_64-apple-darwin14.5.0
Thread model: posix
configure:4397: $? = 0
configure:4386: gcc -V >&5
clang: error: argument to '-V' is missing (expected 1 value)
clang: error: no input files
configure:4397: $? = 1
configure:4386: gcc -qversion >&5
clang: error: unknown argument: '-qversion'
clang: error: no input files
configure:4397: $? = 1
configure:4417: checking for C compiler default output file name
configure:4439: gcc    conftest.c  >&5
configure:4443: $? = 0
configure:4480: result: a.out
configure:4496: checking whether the C compiler works
configure:4505: ./a.out
configure:4509: $? = 0
configure:4524: result: yes
configure:4531: checking whether we are cross compiling
configure:4533: result: no
configure:4536: checking for suffix of executables
configure:4543: gcc -o conftest    conftest.c  >&5
configure:4547: $? = 0
configure:4569: result: 
configure:4575: checking for suffix of object files
configure:4597: gcc -c   conftest.c >&5
configure:4601: $? = 0
configure:4622: result: o
configure:4626: checking whether we are using the GNU C compiler
configure:4645: gcc -c   conftest.c >&5
configure:4645: $? = 0
configure:4654: result: yes
configure:4663: checking whether gcc accepts -g
configure:4683: gcc -c -g  conftest.c >&5
configure:4683: $? = 0
configure:4724: result: yes
configure:4741: checking for gcc option to accept ISO C89
configure:4805: gcc  -c -g -O2  conftest.c >&5
configure:4805: $? = 0
configure:4818: result: none needed
configure:4896: checking for g++
configure:4912: found /usr/bin/g++
configure:4923: result: g++
configure:4950: checking for C++ compiler version
configure:4959: g++ --version >&5
Apple LLVM version 7.0.2 (clang-700.1.81)
Target: x86_64-apple-darwin14.5.0
Thread model: posix
Configured with: --prefix=/Library/Developer/CommandLineTools/usr --with-gxx-include-dir=/usr/include/c++/4.2.1
configure:4970: $? = 0
configure:4959: g++ -v >&5
Configured with: --prefix=/Library/Developer/CommandLineTools/usr --with-gxx-include-dir=/usr/include/c++/4.2.1
Apple LLVM version 7.0.2 (clang-700.1.81)
Target: x86_64-apple-darwin14.5.0
Thread model: posix
configure:4970: $? = 0
configure:4959: g++ -V >&5
clang: error: argument to '-V' is missing (expected 1 value)
clang: error: no input files
configure:4970: $? = 1
configure:4959: g++ -qversion >&5
clang: error: unknown argument: '-qversion'
clang: error: no input files
configure:4970: $? = 1
configure:4974: checking whether we are using the GNU C++ compiler
configure:4993: g++ -c   conftest.cpp >&5
configure:4993: $? = 0
configure:5002: result: yes
configure:5011: checking whether g++ accepts -g
configure:5031: g++ -c -g  conftest.cpp >&5
configure:5031: $? = 0
configure:5072: result: yes
configure:5121: checking whether g++ accepts -static-libstdc++ -static-libgcc
configure:5138: g++ -o conftest -g -O2   -static-libstdc++ -static-libgcc conftest.cpp  >&5
clang: error: unsupported option '-static-libgcc'
configure:5138: $? = 1
configure: failed program was:
| /* confdefs.h */
| #define PACKAGE_NAME ""
| #define PACKAGE_TARNAME ""
| #define PACKAGE_VERSION ""
| #define PACKAGE_STRING ""
| #define PACKAGE_BUGREPORT ""
| #define PACKAGE_URL ""
| /* end confdefs.h.  */
| 
| #if (__GNUC__ < 4) || (__GNUC__ == 4 && __GNUC_MINOR__ < 5)
| #error -static-libstdc++ not implemented
| #endif
| int main() {}
configure:5142: result: no
configure:5203: checking for gnatbind
configure:5233: result: no
configure:5295: checking for gnatmake
configure:5325: result: no
configure:5344: checking whether compiler driver understands Ada
configure:5367: result: no
configure:5376: checking how to compare bootstrapped objects
configure:5401: result: cmp --ignore-initial=16 $$f1 $$f2
configure:5461: checking for objdir
configure:5476: result: .libs
configure:6027: checking for isl 0.16, 0.15, or deprecated 0.14
configure:6040: gcc -o conftest -g -O2      -lisl -lmpc -lmpfr -lgmp conftest.c  -lisl -lgmp >&5
conftest.c:10:10: fatal error: 'isl/ctx.h' file not found
#include <isl/ctx.h>
         ^
1 error generated.
configure:6040: $? = 1
configure: failed program was:
| /* confdefs.h */
| #define PACKAGE_NAME ""
| #define PACKAGE_TARNAME ""
| #define PACKAGE_VERSION ""
| #define PACKAGE_STRING ""
| #define PACKAGE_BUGREPORT ""
| #define PACKAGE_URL ""
| #define LT_OBJDIR ".libs/"
| /* end confdefs.h.  */
| #include <isl/ctx.h>
| int
| main ()
| {
| isl_ctx_get_max_operations (isl_ctx_alloc ());
|   ;
|   return 0;
| }
configure:6047: result: no
configure:6051: result: recommended isl version is 0.16 or 0.15, the minimum required isl version 0.14 is deprecated
configure:6055: checking for isl 0.16 or 0.15
configure:6068: gcc -o conftest -g -O2      -lisl -lmpc -lmpfr -lgmp conftest.c  -lisl -lgmp >&5
conftest.c:10:10: fatal error: 'isl/schedule.h' file not found
#include <isl/schedule.h>
         ^
1 error generated.
configure:6068: $? = 1
configure: failed program was:
| /* confdefs.h */
| #define PACKAGE_NAME ""
| #define PACKAGE_TARNAME ""
| #define PACKAGE_VERSION ""
| #define PACKAGE_STRING ""
| #define PACKAGE_BUGREPORT ""
| #define PACKAGE_URL ""
| #define LT_OBJDIR ".libs/"
| /* end confdefs.h.  */
| #include <isl/schedule.h>
| int
| main ()
| {
| isl_options_set_schedule_serialize_sccs (NULL, 0);
|   ;
|   return 0;
| }
configure:6075: result: no
configure:7079: checking for default BUILD_CONFIG
configure:7111: result: 
configure:7116: checking for --enable-vtable-verify
configure:7129: result: no
configure:7725: checking for bison
configure:7741: found /usr/bin/bison
configure:7752: result: bison -y
configure:7772: checking for bison
configure:7788: found /usr/bin/bison
configure:7799: result: bison
configure:7819: checking for gm4
configure:7835: found /usr/bin/gm4
configure:7846: result: gm4
configure:7866: checking for flex
configure:7882: found /usr/bin/flex
configure:7893: result: flex
configure:7914: checking for flex
configure:7930: found /usr/bin/flex
configure:7941: result: flex
configure:7961: checking for makeinfo
configure:7977: found /usr/bin/makeinfo
configure:7988: result: makeinfo
configure:8022: checking for expect
configure:8038: found /usr/bin/expect
configure:8049: result: expect
configure:8071: checking for runtest
configure:8101: result: no
configure:8216: checking for ar
configure:8232: found /usr/bin/ar
configure:8243: result: ar
configure:8357: checking for as
configure:8373: found /usr/bin/as
configure:8384: result: as
configure:8498: checking for dlltool
configure:8528: result: no
configure:8558: checking for ld
configure:8585: result: /Library/Developer/CommandLineTools/usr/bin/ld
configure:8780: checking for lipo
configure:8796: found /usr/bin/lipo
configure:8807: result: lipo
configure:8921: checking for nm
configure:8937: found /usr/bin/nm
configure:8948: result: nm
configure:9062: checking for ranlib
configure:9078: found /usr/bin/ranlib
configure:9089: result: ranlib
configure:9198: checking for strip
configure:9214: found /usr/bin/strip
configure:9225: result: strip
configure:9334: checking for windres
configure:9364: result: no
configure:9475: checking for windmc
configure:9505: result: no
configure:9616: checking for objcopy
configure:9646: result: no
configure:9757: checking for objdump
configure:9787: result: no
configure:9898: checking for readelf
configure:9928: result: no
configure:10039: checking for i386-unknown-linux-gnu-cc
configure:10069: result: no
configure:10039: checking for i386-unknown-linux-gnu-gcc
configure:10069: result: no
configure:10200: checking for i386-unknown-linux-gnu-c++
configure:10230: result: no
configure:10200: checking for i386-unknown-linux-gnu-g++
configure:10230: result: no
configure:10200: checking for i386-unknown-linux-gnu-cxx
configure:10230: result: no
configure:10200: checking for i386-unknown-linux-gnu-gxx
configure:10230: result: no
configure:10361: checking for i386-unknown-linux-gnu-gcc
configure:10391: result: no
configure:10517: checking for i386-unknown-linux-gnu-gcj
configure:10547: result: no
configure:10678: checking for i386-unknown-linux-gnu-gfortran
configure:10708: result: no
configure:10839: checking for i386-unknown-linux-gnu-gccgo
configure:10869: result: no
configure:11080: checking for i386-unknown-linux-gnu-ar
configure:11110: result: no
configure:11310: checking for i386-unknown-linux-gnu-as
configure:11340: result: no
configure:11540: checking for i386-unknown-linux-gnu-dlltool
configure:11570: result: no
configure:11770: checking for i386-unknown-linux-gnu-ld
configure:11800: result: no
configure:12000: checking for i386-unknown-linux-gnu-lipo
configure:12030: result: no
configure:12230: checking for i386-unknown-linux-gnu-nm
configure:12260: result: no
configure:12460: checking for i386-unknown-linux-gnu-objcopy
configure:12490: result: no
configure:12690: checking for i386-unknown-linux-gnu-objdump
configure:12720: result: no
configure:12920: checking for i386-unknown-linux-gnu-ranlib
configure:12950: result: no
configure:13150: checking for i386-unknown-linux-gnu-readelf
configure:13180: result: no
configure:13380: checking for i386-unknown-linux-gnu-strip
configure:13410: result: no
configure:13610: checking for i386-unknown-linux-gnu-windres
configure:13640: result: no
configure:13840: checking for i386-unknown-linux-gnu-windmc
configure:13870: result: no
configure:13937: checking where to find the target ar
configure:13960: result: just compiled
configure:13979: checking where to find the target as
configure:14002: result: just compiled
configure:14021: checking where to find the target cc
configure:14058: result: pre-installed
configure:14063: checking where to find the target c++
configure:14103: result: pre-installed
configure:14108: checking where to find the target c++ for libstdc++
configure:14148: result: pre-installed
configure:14153: checking where to find the target dlltool
configure:14176: result: just compiled
configure:14195: checking where to find the target gcc
configure:14232: result: pre-installed
configure:14237: checking where to find the target gcj
configure:14277: result: pre-installed
configure:14282: checking where to find the target gfortran
configure:14322: result: pre-installed
configure:14327: checking where to find the target gccgo
configure:14367: result: pre-installed
configure:14372: checking where to find the target ld
configure:14395: result: just compiled
configure:14414: checking where to find the target lipo
configure:14440: result: pre-installed
configure:14445: checking where to find the target nm
configure:14468: result: just compiled
configure:14487: checking where to find the target objcopy
configure:14510: result: just compiled
configure:14529: checking where to find the target objdump
configure:14552: result: just compiled
configure:14571: checking where to find the target ranlib
configure:14594: result: just compiled
configure:14613: checking where to find the target readelf
configure:14636: result: just compiled
configure:14655: checking where to find the target strip
configure:14678: result: just compiled
configure:14697: checking where to find the target windres
configure:14720: result: just compiled
configure:14739: checking where to find the target windmc
configure:14762: result: just compiled
configure:14809: checking whether to enable maintainer-specific portions of Makefiles
configure:14818: result: no
configure:15075: creating ./config.status

## ---------------------- ##
## Running config.status. ##
## ---------------------- ##

This file was extended by config.status, which was
generated by GNU Autoconf 2.64.  Invocation command line was

  CONFIG_FILES    = 
  CONFIG_HEADERS  = 
  CONFIG_LINKS    = 
  CONFIG_COMMANDS = 
  $ ./config.status 

on aowens.local

config.status:946: creating Makefile

## ---------------- ##
## Cache variables. ##
## ---------------- ##

ac_cv_build=x86_64-apple-darwin14.5.0
ac_cv_c_compiler_gnu=yes
ac_cv_cxx_compiler_gnu=yes
ac_cv_env_AR_FOR_TARGET_set=
ac_cv_env_AR_FOR_TARGET_value=
ac_cv_env_AR_set=
ac_cv_env_AR_value=
ac_cv_env_AS_FOR_TARGET_set=
ac_cv_env_AS_FOR_TARGET_value=
ac_cv_env_AS_set=
ac_cv_env_AS_value=
ac_cv_env_CCC_set=
ac_cv_env_CCC_value=
ac_cv_env_CC_FOR_TARGET_set=
ac_cv_env_CC_FOR_TARGET_value=
ac_cv_env_CC_set=
ac_cv_env_CC_value=
ac_cv_env_CFLAGS_set=
ac_cv_env_CFLAGS_value=
ac_cv_env_CPPFLAGS_set=
ac_cv_env_CPPFLAGS_value=
ac_cv_env_CXXFLAGS_set=
ac_cv_env_CXXFLAGS_value=
ac_cv_env_CXX_FOR_TARGET_set=
ac_cv_env_CXX_FOR_TARGET_value=
ac_cv_env_CXX_set=
ac_cv_env_CXX_value=
ac_cv_env_DLLTOOL_FOR_TARGET_set=
ac_cv_env_DLLTOOL_FOR_TARGET_value=
ac_cv_env_DLLTOOL_set=
ac_cv_env_DLLTOOL_value=
ac_cv_env_GCC_FOR_TARGET_set=
ac_cv_env_GCC_FOR_TARGET_value=
ac_cv_env_GCJ_FOR_TARGET_set=
ac_cv_env_GCJ_FOR_TARGET_value=
ac_cv_env_GFORTRAN_FOR_TARGET_set=
ac_cv_env_GFORTRAN_FOR_TARGET_value=
ac_cv_env_GOC_FOR_TARGET_set=
ac_cv_env_GOC_FOR_TARGET_value=
ac_cv_env_LDFLAGS_set=
ac_cv_env_LDFLAGS_value=
ac_cv_env_LD_FOR_TARGET_set=
ac_cv_env_LD_FOR_TARGET_value=
ac_cv_env_LD_set=
ac_cv_env_LD_value=
ac_cv_env_LIBS_set=
ac_cv_env_LIBS_value=
ac_cv_env_LIPO_FOR_TARGET_set=
ac_cv_env_LIPO_FOR_TARGET_value=
ac_cv_env_LIPO_set=
ac_cv_env_LIPO_value=
ac_cv_env_NM_FOR_TARGET_set=
ac_cv_env_NM_FOR_TARGET_value=
ac_cv_env_NM_set=
ac_cv_env_NM_value=
ac_cv_env_OBJCOPY_FOR_TARGET_set=
ac_cv_env_OBJCOPY_FOR_TARGET_value=
ac_cv_env_OBJCOPY_set=
ac_cv_env_OBJCOPY_value=
ac_cv_env_OBJDUMP_FOR_TARGET_set=
ac_cv_env_OBJDUMP_FOR_TARGET_value=
ac_cv_env_OBJDUMP_set=
ac_cv_env_OBJDUMP_value=
ac_cv_env_RANLIB_FOR_TARGET_set=
ac_cv_env_RANLIB_FOR_TARGET_value=
ac_cv_env_RANLIB_set=
ac_cv_env_RANLIB_value=
ac_cv_env_READELF_FOR_TARGET_set=
ac_cv_env_READELF_FOR_TARGET_value=
ac_cv_env_READELF_set=
ac_cv_env_READELF_value=
ac_cv_env_STRIP_FOR_TARGET_set=
ac_cv_env_STRIP_FOR_TARGET_value=
ac_cv_env_STRIP_set=
ac_cv_env_STRIP_value=
ac_cv_env_WINDMC_FOR_TARGET_set=
ac_cv_env_WINDMC_FOR_TARGET_value=
ac_cv_env_WINDMC_set=
ac_cv_env_WINDMC_value=
ac_cv_env_WINDRES_FOR_TARGET_set=
ac_cv_env_WINDRES_FOR_TARGET_value=
ac_cv_env_WINDRES_set=
ac_cv_env_WINDRES_value=
ac_cv_env_build_alias_set=
ac_cv_env_build_alias_value=
ac_cv_env_build_configargs_set=
ac_cv_env_build_configargs_value=
ac_cv_env_host_alias_set=
ac_cv_env_host_alias_value=
ac_cv_env_host_configargs_set=
ac_cv_env_host_configargs_value=
ac_cv_env_target_alias_set=set
ac_cv_env_target_alias_value=i386-unknown-linux-gnu
ac_cv_env_target_configargs_set=
ac_cv_env_target_configargs_value=
ac_cv_host=x86_64-apple-darwin14.5.0
ac_cv_objext=o
ac_cv_path_SED=/usr/bin/sed
ac_cv_path_install='/usr/bin/install -c'
ac_cv_prog_AR=ar
ac_cv_prog_AS=as
ac_cv_prog_AWK=awk
ac_cv_prog_BISON=bison
ac_cv_prog_EXPECT=expect
ac_cv_prog_FLEX=flex
ac_cv_prog_LD=/Library/Developer/CommandLineTools/usr/bin/ld
ac_cv_prog_LEX=flex
ac_cv_prog_LIPO=lipo
ac_cv_prog_M4=gm4
ac_cv_prog_MAKEINFO=makeinfo
ac_cv_prog_NM=nm
ac_cv_prog_RANLIB=ranlib
ac_cv_prog_STRIP=strip
ac_cv_prog_YACC='bison -y'
ac_cv_prog_ac_ct_CC=gcc
ac_cv_prog_ac_ct_CXX=g++
ac_cv_prog_cc_c89=
ac_cv_prog_cc_g=yes
ac_cv_prog_cxx_g=yes
ac_cv_target=i386-unknown-linux-gnu
acx_cv_cc_gcc_supports_ada=no
acx_cv_prog_LN=ln
gcc_cv_isl=no
gcc_cv_prog_cmp_skip='cmp --ignore-initial=16 $$f1 $$f2'
gcc_cv_tool_dirs=
gcc_cv_tool_prefix=/Users/andrewowens/.local/binutils
lt_cv_objdir=.libs

## ----------------- ##
## Output variables. ##
## ----------------- ##

AR='ar'
AR_FOR_BUILD='$(AR)'
AR_FOR_TARGET='$$r/$(HOST_SUBDIR)/binutils/ar'
AS='as'
AS_FOR_BUILD='$(AS)'
AS_FOR_TARGET='$$r/$(HOST_SUBDIR)/gas/as-new'
AWK='awk'
BISON='bison'
BUILD_CONFIG=''
CC='gcc'
CC_FOR_BUILD='$(CC)'
CC_FOR_TARGET='i386-unknown-linux-gnu-cc'
CFLAGS='-g -O2'
CFLAGS_FOR_BUILD='-g -O2'
CFLAGS_FOR_TARGET='-g -O2'
COMPILER_AS_FOR_TARGET='$(AS_FOR_TARGET)'
COMPILER_LD_FOR_TARGET='$(LD_FOR_TARGET)'
COMPILER_NM_FOR_TARGET='$(NM_FOR_TARGET)'
CONFIGURE_GDB_TK=''
CPPFLAGS=''
CXX='g++'
CXXFLAGS='-g -O2'
CXXFLAGS_FOR_BUILD='-g -O2'
CXXFLAGS_FOR_TARGET='-g -O2'
CXX_FOR_BUILD='$(CXX)'
CXX_FOR_TARGET='i386-unknown-linux-gnu-c++'
DEBUG_PREFIX_CFLAGS_FOR_TARGET=''
DEFS='-DPACKAGE_NAME=\"\" -DPACKAGE_TARNAME=\"\" -DPACKAGE_VERSION=\"\" -DPACKAGE_STRING=\"\" -DPACKAGE_BUGREPORT=\"\" -DPACKAGE_URL=\"\" -DLT_OBJDIR=\".libs/\"'
DLLTOOL='dlltool'
DLLTOOL_FOR_BUILD='$(DLLTOOL)'
DLLTOOL_FOR_TARGET='$$r/$(HOST_SUBDIR)/binutils/dlltool'
ECHO_C='\c'
ECHO_N=''
ECHO_T=''
EXEEXT=''
EXPECT='expect'
EXTRA_CONFIGARGS_LIBJAVA='--disable-static'
FLAGS_FOR_TARGET=' -L$$r/$(HOST_SUBDIR)/ld'
FLEX='flex'
GCC_FOR_TARGET='i386-unknown-linux-gnu-gcc'
GCC_SHLIB_SUBDIR=''
GCJ_FOR_BUILD='$(GCJ)'
GCJ_FOR_TARGET='i386-unknown-linux-gnu-gcj'
GDB_TK=''
GFORTRAN_FOR_BUILD='$(GFORTRAN)'
GFORTRAN_FOR_TARGET='i386-unknown-linux-gnu-gfortran'
GNATBIND='no'
GNATMAKE='no'
GOC_FOR_BUILD='$(GOC)'
GOC_FOR_TARGET='i386-unknown-linux-gnu-gccgo'
INSTALL_DATA='${INSTALL} -m 644'
INSTALL_GDB_TK=''
INSTALL_PROGRAM='${INSTALL}'
INSTALL_SCRIPT='${INSTALL}'
LD='/Library/Developer/CommandLineTools/usr/bin/ld'
LDFLAGS=''
LDFLAGS_FOR_BUILD=''
LDFLAGS_FOR_TARGET=''
LD_FOR_BUILD='$(LD)'
LD_FOR_TARGET='$$r/$(HOST_SUBDIR)/ld/ld-new'
LEX='flex'
LIBOBJS=''
LIBS=''
LIPO='lipo'
LIPO_FOR_TARGET='i386-unknown-linux-gnu-lipo'
LN='ln'
LN_S='ln -s'
LTLIBOBJS=''
M4='gm4'
MAINT='#'
MAINTAINER_MODE_FALSE=''
MAINTAINER_MODE_TRUE='#'
MAKEINFO='makeinfo'
NM='nm'
NM_FOR_BUILD='$(NM)'
NM_FOR_TARGET='$$r/$(HOST_SUBDIR)/binutils/nm-new'
OBJCOPY='objcopy'
OBJCOPY_FOR_TARGET='$$r/$(HOST_SUBDIR)/binutils/objcopy'
OBJDUMP='objdump'
OBJDUMP_FOR_TARGET='$$r/$(HOST_SUBDIR)/binutils/objdump'
OBJEXT='o'
PACKAGE_BUGREPORT=''
PACKAGE_NAME=''
PACKAGE_STRING=''
PACKAGE_TARNAME=''
PACKAGE_URL=''
PACKAGE_VERSION=''
PATH_SEPARATOR=':'
RANLIB='ranlib'
RANLIB_FOR_BUILD='$(RANLIB)'
RANLIB_FOR_TARGET='$$r/$(HOST_SUBDIR)/binutils/ranlib'
RAW_CXX_FOR_TARGET='i386-unknown-linux-gnu-c++'
READELF='readelf'
READELF_FOR_TARGET='$$r/$(HOST_SUBDIR)/binutils/readelf'
RPATH_ENVVAR='DYLD_LIBRARY_PATH'
RUNTEST='runtest'
SED='/usr/bin/sed'
SHELL='/bin/sh'
STRIP='strip'
STRIP_FOR_TARGET='$$r/$(HOST_SUBDIR)/binutils/strip-new'
SYSROOT_CFLAGS_FOR_TARGET=''
TOPLEVEL_CONFIGURE_ARGUMENTS='../configure --prefix=/Users/andrewowens/.local/binutils --target=i386-unknown-linux-gnu'
WINDMC='windmc'
WINDMC_FOR_BUILD='$(WINDMC)'
WINDMC_FOR_TARGET='$$r/$(HOST_SUBDIR)/binutils/windmc'
WINDRES='windres'
WINDRES_FOR_BUILD='$(WINDRES)'
WINDRES_FOR_TARGET='$$r/$(HOST_SUBDIR)/binutils/windres'
YACC='bison -y'
ac_ct_CC='gcc'
ac_ct_CXX='g++'
bindir='${exec_prefix}/bin'
build='x86_64-apple-darwin14.5.0'
build_alias=''
build_configargs=' --cache-file=./config.cache '\''--prefix=/Users/andrewowens/.local/binutils'\'' --program-transform-name='\''s&^&i386-unknown-linux-gnu-&'\'' --disable-option-checking'
build_configdirs=' libiberty'
build_cpu='x86_64'
build_libsubdir='build-x86_64-apple-darwin14.5.0'
build_noncanonical='x86_64-apple-darwin14.5.0'
build_os='darwin14.5.0'
build_subdir='build-x86_64-apple-darwin14.5.0'
build_tooldir='${exec_prefix}/i386-unknown-linux-gnu'
build_vendor='apple'
compare_exclusions='gcc/cc*-checksum$(objext) | gcc/ada/*tools/*'
configdirs=' intl libiberty opcodes bfd zlib binutils gas ld gprof etc'
datadir='${datarootdir}'
datarootdir='${prefix}/share'
do_compare='cmp --ignore-initial=16 $$f1 $$f2'
docdir='${datarootdir}/doc/${PACKAGE}'
dvidir='${docdir}'
exec_prefix='${prefix}'
extra_host_libiberty_configure_flags=''
extra_host_zlib_configure_flags=''
extra_isl_gmp_configure_flags=''
extra_liboffloadmic_configure_flags=''
extra_linker_plugin_configure_flags=''
extra_linker_plugin_flags=''
extra_mpc_gmp_configure_flags=''
extra_mpc_mpfr_configure_flags=''
extra_mpfr_configure_flags=''
gmpinc=''
gmplibs='-lmpc -lmpfr -lgmp'
host='x86_64-apple-darwin14.5.0'
host_alias=''
host_configargs=' --cache-file=./config.cache  --with-gnu-as --with-gnu-ld '\''--prefix=/Users/andrewowens/.local/binutils'\'' --program-transform-name='\''s&^&i386-unknown-linux-gnu-&'\'' --disable-option-checking'
host_cpu='x86_64'
host_noncanonical='x86_64-apple-darwin14.5.0'
host_os='darwin14.5.0'
host_shared='no'
host_subdir='.'
host_vendor='apple'
htmldir='${docdir}'
includedir='${prefix}/include'
infodir='${datarootdir}/info'
islinc=''
isllibs=''
islver=''
libdir='${exec_prefix}/lib'
libexecdir='${exec_prefix}/libexec'
localedir='${datarootdir}/locale'
localstatedir='${prefix}/var'
mandir='${datarootdir}/man'
oldincludedir='/usr/include'
pdfdir='${docdir}'
poststage1_ldflags='-static-libstdc++ -static-libgcc'
poststage1_libs=''
prefix='/Users/andrewowens/.local/binutils'
program_transform_name='s&^&i386-unknown-linux-gnu-&'
psdir='${docdir}'
sbindir='${exec_prefix}/sbin'
sharedstatedir='${prefix}/com'
stage1_cflags='-g'
stage1_checking='--enable-checking=yes,types'
stage1_languages=',c,'
stage1_ldflags=''
stage1_libs=''
stage2_werror_flag=''
sysconfdir='${prefix}/etc'
target='i386-unknown-linux-gnu'
target_alias='i386-unknown-linux-gnu'
target_configargs='--cache-file=./config.cache --enable-multilib --with-cross-host=x86_64-apple-darwin14.5.0   '\''--prefix=/Users/andrewowens/.local/binutils'\'' --program-transform-name='\''s&^&i386-unknown-linux-gnu-&'\'' --disable-option-checking'
target_configdirs=''
target_cpu='i386'
target_noncanonical='i386-unknown-linux-gnu'
target_os='linux-gnu'
target_subdir='i386-unknown-linux-gnu'
target_vendor='unknown'
tooldir='${exec_prefix}/i386-unknown-linux-gnu'

## ------------------- ##
## File substitutions. ##
## ------------------- ##

alphaieee_frag='/dev/null'
host_makefile_frag='../config/mh-darwin'
ospace_frag='/dev/null'
serialization_dependencies='serdep.tmp'
target_makefile_frag='../config/mt-gnu'

## ----------- ##
## confdefs.h. ##
## ----------- ##

/* confdefs.h */
#define PACKAGE_NAME ""
#define PACKAGE_TARNAME ""
#define PACKAGE_VERSION ""
#define PACKAGE_STRING ""
#define PACKAGE_BUGREPORT ""
#define PACKAGE_URL ""
#define LT_OBJDIR ".libs/"

configure: exit 0
